Project file: C:\Users\Vikas.Gautam\Desktop\GitV2\Training8\Guidewire\TrainingApp\.idea\settings\system\tmp\gosuc-project-file-321816572186963602922693129217800
Stdout file: compiler.log
Module path: [configuration]
Creating Gosuc -> 965ms
Could not find product specific Config parameter class, gw.api.system.ABConfigParameters Will allow platform only config parameters
Display key found with different argument lists across locales: Web.Address.AutoFill.AddressField.InvalidFormat
Display key found with different argument lists across locales: Web.DBStatsSubmitDV.PreviousStatsTime
Display key found with different argument lists across locales: Java.Web.PCFVerification.DetailViewWidget.ReferencesExternalSharedSection
Display key found with different argument lists across locales: Java.Database.InvalidOracleStatisticLevel
Display key found with different argument lists across locales: Java.Database.PhysicalTablespaceNotFound
Display key found with different argument lists across locales: Java.JMX.Operation.Error
Display key found with different argument lists across locales: Java.Web.PCFVerification.DetailViewWidget.NotAllowedWithMenuPanel
Display key found with different argument lists across locales: Java.Database.DBException.ParameterMustBeSet
Display key found with different argument lists across locales: Java.Database.UnsupportedJDBCDriver
Display key found with different argument lists across locales: Web.TabBar.Logout
Display key found with different argument lists across locales: Java.ProximitySearch.Error.NonNullArgument
Display key found with different argument lists across locales: Java.Scheduler.Started
Display key found with different argument lists across locales: Java.Database.InvalidOracleQueryRewrite
Display key found with different argument lists across locales: Java.ProximitySearch.Error.NonPositiveArgument
Initializing Gosuc -> 31714ms
Compiling wsi.remote.microsoft.CultureCodes...
Compiling wsi.remote.gw.webservice.pc.PCConfigurationProvider...
Compiling wsi.remote.gw.webservice.cc.CCConfigurationProvider...
Compiling wsi.remote.gw.webservice.bc.BCConfigurationProvider...
Compiling trainingapp.demo.safeordering.SafeOrderingDemoTransport...
Compiling trainingapp.demo.messagegenerator.MessageGeneratorRequest...
Compiling trainingapp.demo.messagegenerator.MessageGeneratorTransport...
Compiling trainingapp.demo.messageack.MessageAckPage...
Compiling trainingapp.demo.messageack.MessageAckUtil...
Warning: reportNonRetryableError() : void in entity.Message has been deprecated. [line:-2759 col:5] in
line 1: 
Compiling trainingapp.demo.java.JavaTypeExamples...
Compiling trainingapp.demo.gosu.Author...
Compiling trainingapp.demo.gosu.BundleExamples...
Compiling trainingapp.demo.gosu.BundleExamplesWithLiteral...
Compiling trainingapp.demo.gosu.ColorSequenceable...
Compiling trainingapp.demo.gosu.ColorType...
Compiling trainingapp.demo.gosu.GenericsExamples...
Compiling trainingapp.demo.gosu.MiscellaneousExamples...
Compiling trainingapp.demo.gosu.SequenceUtilityExamples...
Compiling trainingapp.demo.ExampleIStartablePlugin...
Compiling trainingapp.base.AssignedUserUtil...
Compiling trainingapp.base.DefaultPrintToConsoleTransport...
Compiling trainingapp.base.QueryUtil...
Compiling trainingapp.base.RecentlyViewedContactUtil...
Warning: Implicit coercion to ArrayList. Please use ArrayList explicitly. [line:-1054 col:32] in
line 1: 
Compiling trainingapp.base.SampleDataUtil...
Compiling ta.QueryUtil...
Warning: Compile-time constant expression required. [line:-17149 col:15] in
line 1: 
Warning: An implicit coercion from type Type<gw.lang.Deprecated> to java.lang.String occurs here.  Consider making this explicit with an "as java.lang.String". [line:-17149 col:15] in
line 1: 
Compiling libraries.ABCompanyEnhancement...
Compiling libraries.ABContactEnhancement...
Compiling libraries.ABPersonEnhancement...
Compiling libraries.ABPolicyPersonEnhancement...
Warning: An implicit coercion from type java.math.BigDecimal to double occurs here.  Consider making this explicit with an "as double". [line:-363 col:44] in
line 1: 
Compiling libraries.CalendarEnhancement...
Compiling libraries.FlagEntryEnhancement...
Compiling libraries.RelatedContactsSorting...
Compiling libraries.VendorEvaluationEnhancement...
Compiling libraries.Verifiable_ExtEnhancement...
Compiling gw.xml.ws.CoreWsiExportableUtilEnhancement...
Compiling gw.wsi.pl.ImportToolsAPI...
Compiling gw.wsi.pl.LoginAPI...
Compiling gw.wsi.pl.ProfilerAPI...
Compiling gw.wsi.pl.SystemToolsAPI...
Compiling gw.wsi.pl.TableImportAPI...
Compiling gw.wsi.pl.TypelistToolsAPI...
Compiling gw.wsi.pl.WorkflowAPI...
Compiling gw.wsi.pl.ZoneImportAPI...
Compiling gw.webservice.workflow.IWorkflowAPI...
Warning: RpcWebService(gw.api.webservice.WSRunlevel) in RpcWebService has been deprecated. [line:-377 col:1] in
line 1: 
Warning: gw.lang.RpcWebService in gw.lang.RpcWebService has been deprecated. [line:-377 col:2] in
line 1: 
Compiling gw.webservice.tableimport.ITableImportAPI...
Warning: RpcWebService() in RpcWebService has been deprecated. [line:-959 col:1] in
line 1: 
Warning: gw.lang.RpcWebService in gw.lang.RpcWebService has been deprecated. [line:-959 col:2] in
line 1: 
Compiling gw.webservice.systemTools.ISystemToolsAPI...
Warning: RpcWebService(gw.api.webservice.WSRunlevel) in RpcWebService has been deprecated. [line:-768 col:1] in
line 1: 
Warning: gw.lang.RpcWebService in gw.lang.RpcWebService has been deprecated. [line:-768 col:2] in
line 1: 
Compiling gw.webservice.login.ILoginAPI...
Warning: RpcWebService(gw.api.webservice.WSRunlevel, typekey.SystemPermissionType[]) in RpcWebService has been deprecated. [line:-1155 col:1] in
line 1: 
Warning: gw.lang.RpcWebService in gw.lang.RpcWebService has been deprecated. [line:-1155 col:2] in
line 1: 
Warning: RpcWebServiceMethod(typekey.SystemPermissionType[]) in RpcWebServiceMethod has been deprecated. [line:-2944 col:3] in
line 1: 
Warning: gw.lang.RpcWebServiceMethod in gw.lang.RpcWebServiceMethod has been deprecated. [line:-2944 col:4] in
line 1: 
Compiling gw.webservice.importTools.IImportToolsAPI...
Warning: RpcWebService(gw.api.webservice.WSRunlevel, typekey.SystemPermissionType[]) in RpcWebService has been deprecated. [line:-912 col:1] in
line 1: 
Warning: gw.lang.RpcWebService in gw.lang.RpcWebService has been deprecated. [line:-912 col:2] in
line 1: 
Compiling gw.webservice.contactapi.ab800.ABClientAPIAddressBookUIDContainer...
Compiling gw.webservice.contactapi.ab800.ABClientAPIAddressBookUIDTuple...
Compiling gw.webservice.contactapi.ab800.ABClientAPIPendingChangeContext...
Compiling gw.webservice.contactapi.GWXmlBackedInstanceEnhancement...
Compiling gw.webservice.ab.ab800.abvendorevaluationapi.ABVendorEvaluationAPIReviewSummary...
Compiling gw.webservice.ab.ab800.abcontactapi.ABContactAPIAddressSearch...
Compiling gw.webservice.ab.ab800.abcontactapi.ABContactAPIFindDuplicatesResult...
Compiling gw.webservice.ab.ab800.abcontactapi.ABContactAPIPendingContactChange...
Compiling gw.webservice.ab.ab800.abcontactapi.ABContactAPIProximitySearchParameters...
Compiling gw.webservice.ab.ab800.abcontactapi.ABContactAPISearchCriteria...
Compiling gw.webservice.ab.ab800.abcontactapi.ABContactAPISearchResult...
Compiling gw.webservice.ab.ab800.abcontactapi.ABContactAPISpecialistService...
Compiling gw.webservice.ab.ab800.abcontactapi.AddressInfo...
Warning: An implicit coercion from type java.lang.Boolean to java.lang.String occurs here.  Consider making this explicit with an "as java.lang.String". [line:-1517 col:18] in
line 1: 
Compiling gw.webservice.ab.ab800.MaintenanceToolsAPI...
Compiling gw.webservice.ab.ab800.MessagingToolsAPI...
Compiling gw.webservice.ab.ab700.reviewsummary.IReviewSummaryAPI...
Warning: RpcWebService(typekey.SystemPermissionType[]) in RpcWebService has been deprecated. [line:-397 col:1] in
line 1: 
Compiling gw.webservice.ab.ab700.messagingtools.IMessagingToolsAPI...
Warning: RpcWebService(gw.api.webservice.WSRunlevel) in RpcWebService has been deprecated. [line:-554 col:1] in
line 1: 
Compiling gw.webservice.ab.ab700.maintenancetools.IMaintenanceToolsAPI...
Warning: RpcWebService(gw.api.webservice.WSRunlevel) in RpcWebService has been deprecated. [line:-881 col:1] in
line 1: 
Compiling gw.webservice.ab.ab700.abcontactapi.ABContactAPIFindDuplicatesResult...
Warning: Exact in gw.webservice.ab.ab700.abcontactapi.ABContactAPIFindDuplicatesResult has been deprecated. [line:-1332 col:5] in
line 1: 
Warning: LinkID in gw.webservice.ab.ab700.abcontactapi.ABContactAPIFindDuplicatesResult has been deprecated. [line:-1365 col:5] in
line 1: 
Warning: ContactType in gw.webservice.ab.ab700.abcontactapi.ABContactAPIFindDuplicatesResult has been deprecated. [line:-1402 col:5] in
line 1: 
Warning: Name in gw.webservice.ab.ab700.abcontactapi.ABContactAPIFindDuplicatesResult has been deprecated. [line:-1445 col:5] in
line 1: 
Warning: FirstName in gw.webservice.ab.ab700.abcontactapi.ABContactAPIFindDuplicatesResult has been deprecated. [line:-1507 col:7] in
line 1: 
Warning: LastName in gw.webservice.ab.ab700.abcontactapi.ABContactAPIFindDuplicatesResult has been deprecated. [line:-1547 col:7] in
line 1: 
Warning: MiddleName in gw.webservice.ab.ab700.abcontactapi.ABContactAPIFindDuplicatesResult has been deprecated. [line:-1585 col:7] in
line 1: 
Warning: Prefix in gw.webservice.ab.ab700.abcontactapi.ABContactAPIFindDuplicatesResult has been deprecated. [line:-1627 col:7] in
line 1: 
Warning: Suffix in gw.webservice.ab.ab700.abcontactapi.ABContactAPIFindDuplicatesResult has been deprecated. [line:-1666 col:7] in
line 1: 
Warning: CellPhone in gw.webservice.ab.ab700.abcontactapi.ABContactAPIFindDuplicatesResult has been deprecated. [line:-1705 col:7] in
line 1: 
Warning: mapPhoneValues(java.lang.String, typekey.PhoneCountryCode, java.lang.String) : String in Type<gw.webservice.contactapi.ab700.ContactMappingPhoneUtil> has been deprecated. [line:-1705 col:24] in
line 1: 
Warning: DateOfBirth in gw.webservice.ab.ab700.abcontactapi.ABContactAPIFindDuplicatesResult has been deprecated. [line:-1839 col:7] in
line 1: 
Warning: EmailAddress1 in gw.webservice.ab.ab700.abcontactapi.ABContactAPIFindDuplicatesResult has been deprecated. [line:-1892 col:5] in
line 1: 
Warning: EmailAddress2 in gw.webservice.ab.ab700.abcontactapi.ABContactAPIFindDuplicatesResult has been deprecated. [line:-1938 col:5] in
line 1: 
Warning: PrimaryPhone in gw.webservice.ab.ab700.abcontactapi.ABContactAPIFindDuplicatesResult has been deprecated. [line:-1984 col:5] in
line 1: 
Warning: FaxPhone in gw.webservice.ab.ab700.abcontactapi.ABContactAPIFindDuplicatesResult has been deprecated. [line:-2033 col:5] in
line 1: 
Warning: mapPhoneValues(java.lang.String, typekey.PhoneCountryCode, java.lang.String) : String in Type<gw.webservice.contactapi.ab700.ContactMappingPhoneUtil> has been deprecated. [line:-2033 col:21] in
line 1: 
Warning: HomePhone in gw.webservice.ab.ab700.abcontactapi.ABContactAPIFindDuplicatesResult has been deprecated. [line:-2161 col:5] in
line 1: 
Warning: mapPhoneValues(java.lang.String, typekey.PhoneCountryCode, java.lang.String) : String in Type<gw.webservice.contactapi.ab700.ContactMappingPhoneUtil> has been deprecated. [line:-2161 col:22] in
line 1: 
Warning: WorkPhone in gw.webservice.ab.ab700.abcontactapi.ABContactAPIFindDuplicatesResult has been deprecated. [line:-2293 col:5] in
line 1: 
Warning: mapPhoneValues(java.lang.String, typekey.PhoneCountryCode, java.lang.String) : String in Type<gw.webservice.contactapi.ab700.ContactMappingPhoneUtil> has been deprecated. [line:-2293 col:22] in
line 1: 
Warning: Preferred in gw.webservice.ab.ab700.abcontactapi.ABContactAPIFindDuplicatesResult has been deprecated. [line:-2425 col:5] in
line 1: 
Warning: VendorType in gw.webservice.ab.ab700.abcontactapi.ABContactAPIFindDuplicatesResult has been deprecated. [line:-2463 col:5] in
line 1: 
Warning: Score in gw.webservice.ab.ab700.abcontactapi.ABContactAPIFindDuplicatesResult has been deprecated. [line:-2508 col:5] in
line 1: 
Warning: TaxID in gw.webservice.ab.ab700.abcontactapi.ABContactAPIFindDuplicatesResult has been deprecated. [line:-2538 col:5] in
line 1: 
Warning: PrimaryAddress in gw.webservice.ab.ab700.abcontactapi.ABContactAPIFindDuplicatesResult has been deprecated. [line:-2568 col:5] in
line 1: 
Warning: AddressInfo(entity.Address) in AddressInfo has been deprecated. [line:-2568 col:27] in
line 1: 
Compiling gw.webservice.ab.ab700.abcontactapi.ABContactAPISearchResult...
Warning: LinkID in gw.webservice.ab.ab700.abcontactapi.ABContactAPISearchResult has been deprecated. [line:-1256 col:5] in
line 1: 
Warning: ContactType in gw.webservice.ab.ab700.abcontactapi.ABContactAPISearchResult has been deprecated. [line:-1293 col:5] in
line 1: 
Warning: Name in gw.webservice.ab.ab700.abcontactapi.ABContactAPISearchResult has been deprecated. [line:-1336 col:5] in
line 1: 
Warning: FirstName in gw.webservice.ab.ab700.abcontactapi.ABContactAPISearchResult has been deprecated. [line:-1398 col:7] in
line 1: 
Warning: LastName in gw.webservice.ab.ab700.abcontactapi.ABContactAPISearchResult has been deprecated. [line:-1438 col:7] in
line 1: 
Warning: MiddleName in gw.webservice.ab.ab700.abcontactapi.ABContactAPISearchResult has been deprecated. [line:-1476 col:7] in
line 1: 
Warning: Prefix in gw.webservice.ab.ab700.abcontactapi.ABContactAPISearchResult has been deprecated. [line:-1518 col:7] in
line 1: 
Warning: Suffix in gw.webservice.ab.ab700.abcontactapi.ABContactAPISearchResult has been deprecated. [line:-1557 col:7] in
line 1: 
Warning: CellPhone in gw.webservice.ab.ab700.abcontactapi.ABContactAPISearchResult has been deprecated. [line:-1596 col:7] in
line 1: 
Warning: mapPhoneValues(java.lang.String, typekey.PhoneCountryCode, java.lang.String) : String in Type<gw.webservice.contactapi.ab700.ContactMappingPhoneUtil> has been deprecated. [line:-1596 col:24] in
line 1: 
Warning: DateOfBirth in gw.webservice.ab.ab700.abcontactapi.ABContactAPISearchResult has been deprecated. [line:-1730 col:7] in
line 1: 
Warning: EmailAddress1 in gw.webservice.ab.ab700.abcontactapi.ABContactAPISearchResult has been deprecated. [line:-1783 col:5] in
line 1: 
Warning: EmailAddress2 in gw.webservice.ab.ab700.abcontactapi.ABContactAPISearchResult has been deprecated. [line:-1829 col:5] in
line 1: 
Warning: PrimaryPhone in gw.webservice.ab.ab700.abcontactapi.ABContactAPISearchResult has been deprecated. [line:-1875 col:5] in
line 1: 
Warning: FaxPhone in gw.webservice.ab.ab700.abcontactapi.ABContactAPISearchResult has been deprecated. [line:-1924 col:5] in
line 1: 
Warning: mapPhoneValues(java.lang.String, typekey.PhoneCountryCode, java.lang.String) : String in Type<gw.webservice.contactapi.ab700.ContactMappingPhoneUtil> has been deprecated. [line:-1924 col:21] in
line 1: 
Warning: HomePhone in gw.webservice.ab.ab700.abcontactapi.ABContactAPISearchResult has been deprecated. [line:-2052 col:5] in
line 1: 
Warning: mapPhoneValues(java.lang.String, typekey.PhoneCountryCode, java.lang.String) : String in Type<gw.webservice.contactapi.ab700.ContactMappingPhoneUtil> has been deprecated. [line:-2052 col:22] in
line 1: 
Warning: WorkPhone in gw.webservice.ab.ab700.abcontactapi.ABContactAPISearchResult has been deprecated. [line:-2184 col:5] in
line 1: 
Warning: mapPhoneValues(java.lang.String, typekey.PhoneCountryCode, java.lang.String) : String in Type<gw.webservice.contactapi.ab700.ContactMappingPhoneUtil> has been deprecated. [line:-2184 col:22] in
line 1: 
Warning: Preferred in gw.webservice.ab.ab700.abcontactapi.ABContactAPISearchResult has been deprecated. [line:-2316 col:5] in
line 1: 
Warning: VendorType in gw.webservice.ab.ab700.abcontactapi.ABContactAPISearchResult has been deprecated. [line:-2354 col:5] in
line 1: 
Warning: Score in gw.webservice.ab.ab700.abcontactapi.ABContactAPISearchResult has been deprecated. [line:-2399 col:5] in
line 1: 
Warning: TaxID in gw.webservice.ab.ab700.abcontactapi.ABContactAPISearchResult has been deprecated. [line:-2429 col:5] in
line 1: 
Warning: PrimaryAddress in gw.webservice.ab.ab700.abcontactapi.ABContactAPISearchResult has been deprecated. [line:-2459 col:5] in
line 1: 
Warning: AddressInfo(entity.Address) in AddressInfo has been deprecated. [line:-2459 col:27] in
line 1: 
Compiling gw.webservice.ab.ab700.abcontactapi.ABContactSearchCriteriaInfo...
Warning: ContactType in gw.webservice.ab.ab700.abcontactapi.ABContactSearchCriteriaInfo has been deprecated. [line:-1560 col:30] in
line 1: 
Warning: FirstName in gw.webservice.ab.ab700.abcontactapi.ABContactSearchCriteriaInfo has been deprecated. [line:-1606 col:30] in
line 1: 
Warning: Keyword in gw.webservice.ab.ab700.abcontactapi.ABContactSearchCriteriaInfo has been deprecated. [line:-1650 col:30] in
line 1: 
Warning: OrganizationName in gw.webservice.ab.ab700.abcontactapi.ABContactSearchCriteriaInfo has been deprecated. [line:-1692 col:30] in
line 1: 
Warning: PreferredVendors in gw.webservice.ab.ab700.abcontactapi.ABContactSearchCriteriaInfo has been deprecated. [line:-1743 col:30] in
line 1: 
Warning: TaxID in gw.webservice.ab.ab700.abcontactapi.ABContactSearchCriteriaInfo has been deprecated. [line:-1794 col:30] in
line 1: 
Warning: EmployeeNumber in gw.webservice.ab.ab700.abcontactapi.ABContactSearchCriteriaInfo has been deprecated. [line:-1834 col:30] in
line 1: 
Warning: Score in gw.webservice.ab.ab700.abcontactapi.ABContactSearchCriteriaInfo has been deprecated. [line:-1883 col:30] in
line 1: 
Warning: AdjudicativeDomain in gw.webservice.ab.ab700.abcontactapi.ABContactSearchCriteriaInfo has been deprecated. [line:-1923 col:30] in
line 1: 
Warning: AttorneySpecialty in gw.webservice.ab.ab700.abcontactapi.ABContactSearchCriteriaInfo has been deprecated. [line:-1976 col:30] in
line 1: 
Warning: DoctorSpecialty in gw.webservice.ab.ab700.abcontactapi.ABContactSearchCriteriaInfo has been deprecated. [line:-2028 col:30] in
line 1: 
Warning: LawFirmSpecialty in gw.webservice.ab.ab700.abcontactapi.ABContactSearchCriteriaInfo has been deprecated. [line:-2078 col:30] in
line 1: 
Warning: MedicalOrgSpecialty in gw.webservice.ab.ab700.abcontactapi.ABContactSearchCriteriaInfo has been deprecated. [line:-2129 col:30] in
line 1: 
Warning: VendorType in gw.webservice.ab.ab700.abcontactapi.ABContactSearchCriteriaInfo has been deprecated. [line:-2183 col:30] in
line 1: 
Warning: AllTagsRequired in gw.webservice.ab.ab700.abcontactapi.ABContactSearchCriteriaInfo has been deprecated. [line:-2228 col:30] in
line 1: 
Warning: Address in gw.webservice.ab.ab700.abcontactapi.ABContactSearchCriteriaInfo has been deprecated. [line:-2569 col:47] in
line 1: 
Warning: ProximitySearchCenter in gw.webservice.ab.ab700.abcontactapi.ABContactSearchCriteriaInfo has been deprecated. [line:-2628 col:61] in
line 1: 
Warning: ProximitySearchParameters in gw.webservice.ab.ab700.abcontactapi.ABContactSearchCriteriaInfo has been deprecated. [line:-2715 col:75] in
line 1: 
Warning: Tags in gw.webservice.ab.ab700.abcontactapi.ABContactSearchCriteriaInfo has been deprecated. [line:-2820 col:9] in
line 1: 
Warning: Tags in gw.webservice.ab.ab700.abcontactapi.ABContactSearchCriteriaInfo has been deprecated. [line:-2848 col:23] in
line 1: 
Warning: City in gw.webservice.ab.ab700.abcontactapi.AddressSearchInfo has been deprecated. [line:-3111 col:28] in
line 1: 
Warning: State in gw.webservice.ab.ab700.abcontactapi.AddressSearchInfo has been deprecated. [line:-3147 col:29] in
line 1: 
Warning: PostalCode in gw.webservice.ab.ab700.abcontactapi.AddressSearchInfo has been deprecated. [line:-3185 col:34] in
line 1: 
Warning: Country in gw.webservice.ab.ab700.abcontactapi.AddressSearchInfo has been deprecated. [line:-3233 col:31] in
line 1: 
Warning: DistanceBasedSearch in gw.webservice.ab.ab700.abcontactapi.ProximitySearchParametersInfo has been deprecated. [line:-3408 col:34] in
line 1: 
Warning: Number in gw.webservice.ab.ab700.abcontactapi.ProximitySearchParametersInfo has been deprecated. [line:-3465 col:21] in
line 1: 
Warning: UnitOfDistance in gw.webservice.ab.ab700.abcontactapi.ProximitySearchParametersInfo has been deprecated. [line:-3496 col:29] in
line 1: 
Warning: GeocodeStatus in gw.webservice.ab.ab700.abcontactapi.ProximitySearchParametersInfo has been deprecated. [line:-3543 col:28] in
line 1: 
Warning: Longitude in gw.webservice.ab.ab700.abcontactapi.ProximitySearchParametersInfo has been deprecated. [line:-3588 col:27] in
line 1: 
Warning: Longitude in gw.webservice.ab.ab700.abcontactapi.ProximitySearchParametersInfo has been deprecated. [line:-3588 col:76] in
line 1: 
Warning: Latitude in gw.webservice.ab.ab700.abcontactapi.ProximitySearchParametersInfo has been deprecated. [line:-3588 col:92] in
line 1: 
Warning: SavedSearchCenter in gw.webservice.ab.ab700.abcontactapi.ProximitySearchParametersInfo has been deprecated. [line:-3693 col:32] in
line 1: 
Warning: CorrectedSearchCenter in gw.webservice.ab.ab700.abcontactapi.ProximitySearchParametersInfo has been deprecated. [line:-3746 col:36] in
line 1: 
Compiling gw.webservice.ab.ab700.abcontactapi.AddressInfo...
Warning: LinkID in gw.webservice.ab.ab700.abcontactapi.AddressInfo has been deprecated. [line:-1000 col:5] in
line 1: 
Warning: AddressLine1 in gw.webservice.ab.ab700.abcontactapi.AddressInfo has been deprecated. [line:-1032 col:5] in
line 1: 
Warning: AddressLine2 in gw.webservice.ab.ab700.abcontactapi.AddressInfo has been deprecated. [line:-1076 col:5] in
line 1: 
Warning: AddressLine3 in gw.webservice.ab.ab700.abcontactapi.AddressInfo has been deprecated. [line:-1120 col:5] in
line 1: 
Warning: City in gw.webservice.ab.ab700.abcontactapi.AddressInfo has been deprecated. [line:-1164 col:5] in
line 1: 
Warning: State in gw.webservice.ab.ab700.abcontactapi.AddressInfo has been deprecated. [line:-1192 col:5] in
line 1: 
Warning: PostalCode in gw.webservice.ab.ab700.abcontactapi.AddressInfo has been deprecated. [line:-1240 col:5] in
line 1: 
Warning: Country in gw.webservice.ab.ab700.abcontactapi.AddressInfo has been deprecated. [line:-1280 col:5] in
line 1: 
Warning: County in gw.webservice.ab.ab700.abcontactapi.AddressInfo has been deprecated. [line:-1319 col:5] in
line 1: 
Warning: Description in gw.webservice.ab.ab700.abcontactapi.AddressInfo has been deprecated. [line:-1351 col:5] in
line 1: 
Warning: AddressType in gw.webservice.ab.ab700.abcontactapi.AddressInfo has been deprecated. [line:-1393 col:5] in
line 1: 
Warning: ValidUntil in gw.webservice.ab.ab700.abcontactapi.AddressInfo has been deprecated. [line:-1440 col:5] in
line 1: 
Warning: Latitude in gw.webservice.ab.ab700.abcontactapi.AddressInfo has been deprecated. [line:-1484 col:5] in
line 1: 
Warning: Longitude in gw.webservice.ab.ab700.abcontactapi.AddressInfo has been deprecated. [line:-1520 col:5] in
line 1: 
Warning: GeocodeStatus in gw.webservice.ab.ab700.abcontactapi.AddressInfo has been deprecated. [line:-1558 col:5] in
line 1: 
Compiling gw.webservice.ab.ab700.abcontactapi.AddressSearchInfo...
Compiling gw.webservice.ab.ab700.abcontactapi.ProximitySearchParametersInfo...
Compiling gw.webservice.IDataObjectAPI...
Warning: RpcWebService() in RpcWebService has been deprecated. [line:-969 col:1] in
line 1: 
Warning: Implicit coercion to ArrayList. Please use ArrayList explicitly. [line:-7898 col:26] in
line 1: 
Warning: SetPathValuesIDRef(java.lang.String, java.lang.String) in SetPathValuesIDRef has been deprecated. [line:-7966 col:57] in
line 1: 
Warning: SetPathValuesResult(gw.webservice.SetPathValuesIDRef[]) in SetPathValuesResult has been deprecated. [line:-8061 col:12] in
line 1: 
Warning: FindIdsResult(java.lang.String[]) in FindIdsResult has been deprecated. [line:-12046 col:12] in
line 1: 
Warning: Improper use of keyword, find [line:302 col:12] in
line 301:    @Throws(BadIdentifierException, "If the entity type is invalid")
line 302:   function find(entityType : String, alias : String, whereClause : String, filter : ObjectFilter) : KeyableBean[] {
line 303:     return DataObjectAPIImpl.find( entityType, alias, whereClause, filter == null ? null : filter.FieldFilters )
Compiling gw.webservice.ITypelistToolsAPI...
Warning: RpcWebService(typekey.SystemPermissionType[]) in RpcWebService has been deprecated. [line:-378 col:1] in
line 1: 
Warning: gw.lang.RpcWebService in gw.lang.RpcWebService has been deprecated. [line:-378 col:2] in
line 1: 
Compiling gw.webservice.IUserAPI...
Warning: RpcWebService() in RpcWebService has been deprecated. [line:-403 col:1] in
line 1: 
Warning: gw.lang.RpcWebService in gw.lang.RpcWebService has been deprecated. [line:-403 col:2] in
line 1: 
Compiling gw.webservice.IZoneImportAPI...
Warning: RpcWebService() in RpcWebService has been deprecated. [line:-280 col:1] in
line 1: 
Warning: gw.lang.RpcWebService in gw.lang.RpcWebService has been deprecated. [line:-280 col:2] in
line 1: 
Compiling gw.webservice.WsdlConfigTestUtil...
Compiling gw.web.merge.MergeContactsWebUtil...
Compiling gw.web.contacts.merge.MergeContactsWebUtil...
Warning: MergeContactsWebUtil() in MergeContactsWebUtil has been deprecated. [line:-486 col:70] in
line 1: 
Warning: AddressDataByAddress in gw.web.contacts.merge.MergeContactsAddressHolder has been deprecated. [line:-2347 col:32] in
line 1: 
Warning: PrimaryAddress in gw.web.contacts.merge.MergeContactsAddressHolder has been deprecated. [line:-2416 col:36] in
line 1: 
Warning: KeptContactRelatedContacts in gw.web.contacts.merge.MergeContactsLinkedContactsHolder has been deprecated. [line:-6213 col:5] in
line 1: 
Warning: RetiredContactRelatedContacts in gw.web.contacts.merge.MergeContactsLinkedContactsHolder has been deprecated. [line:-6355 col:5] in
line 1: 
Warning: KeptContactData in gw.web.contacts.merge.MergeContactsEFTDataHolder has been deprecated. [line:-6763 col:5] in
line 1: 
Warning: RetiredContactData in gw.web.contacts.merge.MergeContactsEFTDataHolder has been deprecated. [line:-6867 col:5] in
line 1: 
Compiling gw.web.ContactDetailsVendorHelper...
Compiling gw.web.PendingChangesWebUtil...
Warning: This appears to be an attempt to do a java-style cast, which is not correct Gosu.  To cast an expression to another type put "as entity.PendingContactUpdate" after the expression [line:-4605 col:26] in
line 1: 
Compiling gw.util.xml.GWIXMLNodeCompatibilityEnhancement...
Compiling gw.util.Geocode...
Compiling gw.util.GWBaseArrayEnhancement...
Compiling gw.util.GWBaseArraysEnhancement...
Compiling gw.util.GWBaseCalendarEnhancement...
Compiling gw.util.GWBaseCollectionEnhancement...
Warning: Improper use of keyword, length [line:33 col:16] in
line 32:   @ShortCircuitingProperty
line 33:   property get length() : int
line 34:   {
Compiling gw.util.GWBaseComparatorEnhancement...
Compiling gw.util.GWBaseDateEnhancement...
Compiling gw.util.GWBaseDateRangeEnhancement...
Compiling gw.util.GWBaseIntegerEnhancement...
Compiling gw.util.GWBaseIteratorEnhancement...
Compiling gw.util.GWBaseListEnhancement...
Compiling gw.util.GWBaseObjectEnhancement...
Compiling gw.util.GWBaseStringBuilderEnhancement...
Compiling gw.util.GWCoreSetEnhancement...
Compiling gw.util.GWILoggerEnhancement...
Compiling gw.sampledata.SampleSpecialistServicesBase...
Compiling gw.processes.ProcessHistoryPurge...
Compiling gw.processes.PurgeClusterMembers...
Compiling gw.processes.PurgeDeletableFiles...
Compiling gw.processes.PurgeFailedWorkItems...
Compiling gw.processes.PurgeProcessBase...
Compiling gw.processes.PurgeWorkflowLogs...
Compiling gw.processes.PurgeWorkflows...
Compiling gw.processes.WorkItemSetPurge...
Compiling gw.processes.WorkQueueInstrumentationPurge...
Compiling gw.plugin.upgrade.AddLinkIDDatamodelUpgradePlugin...
Warning: Missing 'override' modifier. Function @CustomerMinorVersion() overrides and/or implements the function from gw.plugin.upgrade.AddLinkIDDatamodelUpgradePluginBase. [line:18 col:41] in
line 17:    */
line 18:   property get CustomerMinorVersion() : int {
line 19:     throw "implement me"
Warning: Missing 'override' modifier. Function @TableNames() overrides and/or implements the function from gw.plugin.upgrade.AddLinkIDDatamodelUpgradePluginBase. [line:26 col:42] in
line 25:    */
line 26:   property get TableNames() : List<String> {
line 27:     throw "implement me"
Compiling gw.plugin.upgrade.AddLinkIDDatamodelUpgradePluginBase...
Compiling gw.plugin.phone.DefaultABPhoneNormalizerPlugin...
Compiling gw.plugin.note.impl.LocalNoteTemplateSource...
Warning: An implicit coercion from type java.lang.String[] to java.util.Collection<java.lang.String> occurs here.  Consider making this explicit with an "as java.util.Collection<java.lang.String>". [line:-5488 col:31] in
line 1: 
Warning: An implicit coercion from type java.lang.String[] to java.util.Collection<java.lang.String> occurs here.  Consider making this explicit with an "as java.util.Collection<java.lang.String>". [line:-5588 col:31] in
line 1: 
Compiling gw.plugin.geocode.impl.BingMapsPlugin...
Compiling gw.plugin.email.impl.EmailMessageTransport...
Compiling gw.plugin.email.impl.JavaxEmailMessageTransport...
Warning: Improper use of keyword, session [line:124 col:9] in
line 123:     // create some properties and get the default Session
line 124:     var session = Session.getInstance(props)
line 125:     session.setDebug(debug)
Compiling gw.plugin.document.impl.BaseDocumentProductionDispatcher...
Warning: Locale in gw.plugin.document.IDocumentTemplateDescriptor has been deprecated. [line:-3232 col:18] in
line 1: 
Warning: Locale in gw.plugin.document.IDocumentTemplateDescriptor has been deprecated. [line:-3883 col:18] in
line 1: 
Warning: Locale in gw.plugin.document.IDocumentTemplateDescriptor has been deprecated. [line:-4396 col:18] in
line 1: 
Warning: Locale in gw.plugin.document.IDocumentTemplateDescriptor has been deprecated. [line:-4993 col:18] in
line 1: 
Warning: Locale in gw.plugin.document.IDocumentTemplateDescriptor has been deprecated. [line:-5648 col:18] in
line 1: 
Compiling gw.plugin.document.impl.BaseDocumentTemplateSource...
Compiling gw.plugin.document.impl.BaseLocalDocumentContentSource...
Compiling gw.plugin.document.impl.BaseLocalDocumentMetadataSource...
Compiling gw.plugin.contact.pendingchange.KeyableBeanDiffDisplay...
Compiling gw.plugin.contact.findduplicates.querybuilder.CompanyQueryBuilder...
Compiling gw.plugin.contact.findduplicates.querybuilder.ContactQueryBuilder...
Compiling gw.plugin.contact.findduplicates.querybuilder.PersonQueryBuilder...
Compiling gw.plugin.contact.findduplicates.querybuilder.PersonQueryBuilderBase...
Compiling gw.plugin.contact.findduplicates.querybuilder.PlaceQueryBuilder...
Compiling gw.plugin.contact.findduplicates.querybuilder.UserContactQueryBuilder...
Compiling gw.plugin.contact.findduplicates.CompanyDuplicateFinder...
Compiling gw.plugin.contact.findduplicates.DuplicateFinderBase...
Compiling gw.plugin.contact.findduplicates.FindDuplicatesPlugin...
Warning: gw.api.webservice.addressbook.contactapi.ABContactAPISearchResultHelper in gw.api.webservice.addressbook.contactapi.ABContactAPISearchResultHelper has been deprecated. [line:-246 col:6] in
line 1: 
Warning: gw.api.webservice.addressbook.contactapi.ABContactAPISearchSpec in gw.api.webservice.addressbook.contactapi.ABContactAPISearchSpec has been deprecated. [line:-322 col:6] in
line 1: 
Warning: toABContactAPISearchResultHelper() : ABContactAPISearchResultHelper in gw.api.webservice.addressbook.contactapi.ABContactSearchResult has been deprecated. [line:-2519 col:12] in
line 1: 
Compiling gw.plugin.contact.findduplicates.PersonDuplicateFinder...
Compiling gw.plugin.contact.findduplicates.PersonVendorDuplicateFinder...
Compiling gw.plugin.contact.findduplicates.PlaceDuplicateFinder...
Compiling gw.plugin.contact.findduplicates.UserDuplicateFinder...
Compiling gw.plugin.contact.ValidateABContactCreationPluginImpl...
Compiling gw.plugin.contact.ValidateABContactSearchCriteriaPluginImpl...
Compiling gw.entity.GWABCompanyPrivacyEnhancement...
Compiling gw.entity.GWABContactAddressOwnerEnhancement...
Compiling gw.entity.GWABPersonPrivacyEnhancement...
Compiling gw.entity.GWBaseSpecialistServiceEnhancement...
Compiling gw.entity.GWContactAddressOwnerEnhancement...
Compiling gw.entity.GWEFTDataDelegatePrivacyEnhancement...
Compiling gw.entity.GWKeyableBeanEnhancement...
Compiling gw.entity.GWPendingContactCreateViewEnhancement...
Compiling gw.entity.GWRootInfoEnhancement...
Compiling gw.entity.GWStateAbbreviationEnhancement...
Compiling gw.entity.GWStateEnhancement...
Compiling gw.document.DocTreeNode...
Warning: Calling overridable function from constructor: findOrAdd(java.lang.String[]) [line:-1491 col:42] in
line 1: 
Compiling gw.datatype.persistence.PhoneDataTypePersistenceHandler...
Warning: An implicit coercion from type java.lang.Object to java.lang.String occurs here.  Consider making this explicit with an "as java.lang.String". [line:-693 col:32] in
line 1: 
Compiling gw.datatype.GWDataTypesEnhancement...
Compiling gw.database.dmv.db2BufferPoolPage...
Compiling gw.database.dmv.db2EventMonitorPage...
Compiling gw.database.dmv.db2IndexesPage...
Compiling gw.database.dmv.db2InstrumentedQueries...
Compiling gw.database.dmv.db2MainPage...
Compiling gw.database.dmv.db2PkgCachePage...
Compiling gw.database.dmv.db2pkgcacheTable...
Compiling gw.database.dmv.db2queryPage...
Compiling gw.database.dmv.db2ReasonsPage...
Compiling gw.database.dmv.db2tablePage...
Compiling gw.database.dmv.db2TablespacePage...
Compiling gw.database.dmv.db2TablesPage...
Compiling gw.database.dmv.db2UsageListTable...
Compiling gw.database.dmv.db2WorkloadPeriodPage...
Compiling gw.database.dmv.db2WorkloadPeriodPageAll...
Compiling gw.database.dmv.db2WorkloadStats...
Compiling gw.database.dmv.DMVHeaderTempl...
Compiling gw.currency.fxrate.impl.FXRateImpl...
Compiling gw.currency.fxrate.impl.FXRateServiceImpl...
Warning: Multiple statements occupy the same line; may indicate an unintentional logic error.
Consider moving statement to a new line. [line:74 col:110] in
line 73:     var currencies : Set<Currency> = {}
line 74:     findAvailableConversions(market).each( \ pair -> { currencies.add(pair.First); currencies.add(pair.Second) })
line 75:     return currencies
Compiling gw.currency.GWArrayMonetaryAmountSumEnhancement...
Compiling gw.currency.GWArrayOfMonetaryAmountEnhancement...
Compiling gw.currency.GWIterableMonetaryAmountSumEnhancement...
Compiling gw.currency.GWIterableOfMonetaryAmountEnhancement...
Compiling gw.contactmapper.ab800.ContactIntegrationMapperFactory...
Warning: Improper use of keyword, get [line:15 col:26] in
line 14: 
line 15:   public static function get() : ContactIntegrationMapper {
line 16:     var mapper = new ContactMapper()
Compiling gw.contactmapper.ab800.ContactMapper...
Compiling gw.contactmapper.ab700.ContactIntegrationXMLMapper...
Warning: ContactIntegrationXMLMapper() in ContactIntegrationXMLMapper has been deprecated. [line:-713 col:64] in
line 1: 
Compiling gw.command.ImportSampleData...
Compiling gw.api.validation.PhoneValidator...
Compiling gw.api.user.GWUserEnhancement...
Compiling gw.api.privacy.EncryptionMaskExpressions...
Compiling gw.api.phone.BusinessPhoneOwner...
Compiling gw.api.phone.ContactPhoneDelegate...
Warning: An implicit coercion from type java.lang.Object to java.lang.String occurs here.  Consider making this explicit with an "as java.lang.String". [line:-1180 col:54] in
line 1: 
Compiling gw.api.phone.DefaultPhoneNormalizerPlugin...
Compiling gw.api.phone.StandardPhoneOwner...
Warning: CurrentLocationEditable in Type<gw.api.util.LocationUtil> has been deprecated. [line:-1255 col:12] in
line 1: 
Compiling gw.api.name.ABContactNameDelegate...
Compiling gw.api.name.ABContactNameFieldImpl...
Compiling gw.api.name.ABPersonNameDelegate...
Compiling gw.api.name.ABPersonNameFieldImpl...
Compiling gw.api.name.ABUserNameOwner...
Compiling gw.api.name.ContactNameDelegate...
Compiling gw.api.name.ContactNameFields...
Compiling gw.api.name.ContactNameFieldsImpl...
Compiling gw.api.name.ContactNameOwner...
Compiling gw.api.name.NameFormatter...
Compiling gw.api.name.NameLocaleSettings...
Compiling gw.api.name.NameOwner...
Compiling gw.api.name.NameOwnerBase...
Compiling gw.api.name.NameOwnerFieldId...
Compiling gw.api.name.PersonNameDelegate...
Compiling gw.api.name.PersonNameFields...
Compiling gw.api.name.PersonNameFieldsImpl...
Compiling gw.api.name.PLContactSearchNameDelegate...
Compiling gw.api.name.SearchContactNameDelegate...
Compiling gw.api.name.SearchNameOwner...
Compiling gw.api.name.SearchPersonNameDelegate...
Compiling gw.api.name.UserSearchNameOwner...
Compiling gw.api.financials.GWArrayOfCurrencyAmountsEnhancement...
Compiling gw.api.financials.GWCurrencyAmountEnhancement...
Compiling gw.api.financials.GWIMoneyEnhancement...
Compiling gw.api.financials.GWIterableOfCurrencyAmountEnhancement...
Compiling gw.api.email.EmailTemplateSearchCriteria...
Compiling gw.api.domain.GWBeanArrayEnhancement...
Compiling gw.api.domain.GWBeanIterableEnhancement...
Compiling gw.api.domain.GWBeanLoaderEnhancement...
Compiling gw.api.domain.GWContactEnhancement...
Compiling gw.api.domain.GWEffDatedVersionListArrayEnhancement...
Compiling gw.api.domain.GWEffDatedVersionListIterableEnhancement...
Compiling gw.api.domain.GWPersonEnhancement...
Compiling gw.api.domain.GWVLLoaderEnhancement...
Compiling gw.api.database.GWDBFunctionEnhancement...
Compiling gw.api.database.GWIQueryBuilderEnhancement...
Compiling gw.api.database.GWIQueryResultEnhancement...
Compiling gw.api.database.GWISelectQueryBuilderEnhancement...
Compiling gw.api.database.GWISimpleQueryBuilderEnhancement...
Warning: Improper use of keyword, contains [line:243 col:12] in
line 242:    */
line 243:   function contains(propertyName : String, value : DBFunction, ignoreCase : boolean) : Restriction<QT> {
line 244:     if (propertyName == null) {
Warning: Improper use of keyword, contains [line:258 col:12] in
line 257:    */
line 258:   function contains(propertyName : String, value : String, ignoreCase : boolean) : Restriction<QT> {
line 259:     if (propertyName == null) {
Warning: Improper use of keyword, contains [line:273 col:12] in
line 272:    */
line 273:   function contains(propRef:PropertyReference<gw.pl.persistence.core.Bean,String>, value:String, ignoreCase:boolean) : Restriction<QT> {
line 274:     return contains(propRef.FeatureInfo.Name, value, ignoreCase)
Compiling gw.api.database.GWQueryEnhancement...
Warning: setRootName(java.lang.String) : void in gw.api.database.Query<T> has been deprecated. [line:-403 col:5] in
line 1: 
Compiling gw.api.data.DataSets...
Compiling gw.api.contact.ABAddressUtil...
Compiling gw.api.address.ABAddressOwnerFieldId...
Compiling gw.api.address.ABContactPrimaryAddressOwner...
Compiling gw.api.address.AbstractAddressOwner...
Compiling gw.api.address.AddressAutofillableDelegate...
Compiling gw.api.address.AddressAutofillHelper...
Warning: The type "STATE" is not referenced by the proper case.  Please change this reference to "State". [line:-2453 col:31] in
line 1: 
Compiling gw.api.address.AddressCountrySettings...
Compiling gw.api.address.AddressEntityDelegate...
Compiling gw.api.address.AddressFillableExtension...
Compiling gw.api.address.AddressFillableExtensionImpl...
Compiling gw.api.address.AddressFormatter...
Compiling gw.api.address.AddressJurisdictionHandler...
Compiling gw.api.address.AddressOwner...
Compiling gw.api.address.AddressOwnerBase...
Compiling gw.api.address.AddressOwnerFieldId...
Compiling gw.api.address.AutofillableField...
Compiling gw.api.address.ContactPrimaryAddressOwner...
Compiling gw.api.address.PostalCodeInputFormatter...
Compiling gw.api.address.SearchAddressOwner...
Compiling gw.api.address.SearchProximityAddressOwner...
Compiling gw.api.address.SecondaryAddressOwner...
Compiling gw.admin.RegionsUIHelper...
Compiling com.guidewire.pl.quickjump.BaseCommand...
Compiling acme.ta.webservice.contact.ContactAPI...
Compiling acme.ta.webservice.contact.ContactInfo...
Compiling acme.ta.plugin.exchangerate.AcmeIExchangeRateSetPlugin...
Compiling acme.ta.plugin.exchangerate.AcmeIExchangeRateSetPluginWithParameters...
Compiling acme.ta.messaging.vendorrecommendation.VendorRecommendationRequest...
Compiling acme.ta.messaging.vendorrecommendation.VendorRecommendationTemplate...
Compiling acme.ta.messaging.vendorrecommendation.VendorRecommendationTransport...
Compiling acme.ta.messaging.legalreport.LegalReportAPI...
Compiling acme.ta.messaging.legalreport.LegalReportRequest...
Compiling acme.ta.messaging.legalreport.LegalReportTransport...
Warning: You should add an explicitly caught type here. [line:-1069 col:14] in
line 1: 
Compiling acme.ta.messaging.bank.BankAccountDataTemplate...
Compiling acme.ta.messaging.bank.BankAccountVerificationRequest...
Compiling acme.ta.messaging.bank.BankAccountVerificationTransport...
Compiling acme.ta.classes.ILineAndFill...
Compiling acme.ta.classes.Rectangle...
Compiling acme.ta.classes.SequenceUtilityExamples...
Compiling acme.ta.classes.Square...
Compiling acme.ta.batch.legalreport.FlagOverdueLegalReportsBatch...
Compiling acme.ta.batch.ProcessesPlugin...
Compiling -> 100772ms
