17:48:13.390 [DEBUG] [org.gradle.launcher.daemon.bootstrap.DaemonMain] Assuming the daemon was started with following jvm opts: [-Xms1g, -Xmx4g, -Dfile.encoding=windows-1252, -Duser.country=IN, -Duser.language=en, -Duser.variant]
17:48:13.469 [INFO] [org.gradle.launcher.daemon.server.health.gc.GarbageCollectionMonitor] Unable to determine a garbage collection monitoring strategy for JVMStrategy{Oracle Corporation version 1.8.0_181}
17:48:13.512 [DEBUG] [org.gradle.internal.nativeintegration.services.NativeServices] Native-platform posix files integration is not available. Continuing with fallback.
17:48:13.636 [INFO] [org.gradle.launcher.daemon.server.Daemon] start() called on daemon - DefaultDaemonContext[uid=db3d7ee6-e147-4dbb-b41d-a1b54422a0ef,javaHome=C:\Program Files\Java\jdk1.8.0_181,daemonRegistryDir=C:\Users\Vikas.Gautam\Desktop\GitV2\ClaimCenter1003\gradle\cache\daemon,pid=13220,idleTimeout=120000,priority=NORMAL,daemonOpts=-Xms1g,-Xmx4g,-Dfile.encoding=windows-1252,-Duser.country=IN,-Duser.language=en,-Duser.variant]
17:48:14.459 [DEBUG] [org.gradle.internal.remote.internal.inet.InetAddresses] Adding IP addresses for network interface Software Loopback Interface 1
17:48:14.462 [DEBUG] [org.gradle.internal.remote.internal.inet.InetAddresses] Is this a loopback interface? true
17:48:14.463 [DEBUG] [org.gradle.internal.remote.internal.inet.InetAddresses] Adding loopback address /127.0.0.1
17:48:14.467 [DEBUG] [org.gradle.internal.remote.internal.inet.InetAddresses] Adding loopback address /0:0:0:0:0:0:0:1
17:48:14.467 [DEBUG] [org.gradle.internal.remote.internal.inet.InetAddresses] Adding IP addresses for network interface Microsoft 6to4 Adapter
17:48:14.472 [DEBUG] [org.gradle.internal.remote.internal.inet.InetAddresses] Is this a loopback interface? false
17:48:14.473 [DEBUG] [org.gradle.internal.remote.internal.inet.InetAddresses] Adding IP addresses for network interface WAN Miniport (IPv6)
17:48:14.476 [DEBUG] [org.gradle.internal.remote.internal.inet.InetAddresses] Is this a loopback interface? false
17:48:14.477 [DEBUG] [org.gradle.internal.remote.internal.inet.InetAddresses] Adding IP addresses for network interface WAN Miniport (PPPOE)
17:48:14.480 [DEBUG] [org.gradle.internal.remote.internal.inet.InetAddresses] Is this a loopback interface? false
17:48:14.480 [DEBUG] [org.gradle.internal.remote.internal.inet.InetAddresses] Adding IP addresses for network interface RAS Async Adapter
17:48:14.483 [DEBUG] [org.gradle.internal.remote.internal.inet.InetAddresses] Is this a loopback interface? false
17:48:14.484 [DEBUG] [org.gradle.internal.remote.internal.inet.InetAddresses] Adding IP addresses for network interface Microsoft Kernel Debug Network Adapter
17:48:14.487 [DEBUG] [org.gradle.internal.remote.internal.inet.InetAddresses] Is this a loopback interface? false
17:48:14.488 [DEBUG] [org.gradle.internal.remote.internal.inet.InetAddresses] Adding IP addresses for network interface Microsoft IP-HTTPS Platform Adapter
17:48:14.492 [DEBUG] [org.gradle.internal.remote.internal.inet.InetAddresses] Is this a loopback interface? false
17:48:14.492 [DEBUG] [org.gradle.internal.remote.internal.inet.InetAddresses] Adding IP addresses for network interface Dell VPN Adapter
17:48:14.495 [DEBUG] [org.gradle.internal.remote.internal.inet.InetAddresses] Is this a loopback interface? false
17:48:14.496 [DEBUG] [org.gradle.internal.remote.internal.inet.InetAddresses] Adding IP addresses for network interface WAN Miniport (PPTP)
17:48:14.500 [DEBUG] [org.gradle.internal.remote.internal.inet.InetAddresses] Is this a loopback interface? false
17:48:14.501 [DEBUG] [org.gradle.internal.remote.internal.inet.InetAddresses] Adding IP addresses for network interface WAN Miniport (Network Monitor)
17:48:14.507 [DEBUG] [org.gradle.internal.remote.internal.inet.InetAddresses] Is this a loopback interface? false
17:48:14.509 [DEBUG] [org.gradle.internal.remote.internal.inet.InetAddresses] Adding IP addresses for network interface Remote NDIS based Internet Sharing Device
17:48:14.513 [DEBUG] [org.gradle.internal.remote.internal.inet.InetAddresses] Is this a loopback interface? false
17:48:14.513 [DEBUG] [org.gradle.internal.remote.internal.inet.InetAddresses] Adding IP addresses for network interface WAN Miniport (SSTP)
17:48:14.516 [DEBUG] [org.gradle.internal.remote.internal.inet.InetAddresses] Is this a loopback interface? false
17:48:14.517 [DEBUG] [org.gradle.internal.remote.internal.inet.InetAddresses] Adding IP addresses for network interface Microsoft Wi-Fi Direct Virtual Adapter
17:48:14.520 [DEBUG] [org.gradle.internal.remote.internal.inet.InetAddresses] Is this a loopback interface? false
17:48:14.521 [DEBUG] [org.gradle.internal.remote.internal.inet.InetAddresses] Adding remote address /fe80:0:0:0:a5e8:12e4:ddac:6fe9%wlan0
17:48:14.522 [DEBUG] [org.gradle.internal.remote.internal.inet.InetAddresses] Adding IP addresses for network interface Microsoft Teredo Tunneling Adapter
17:48:14.528 [DEBUG] [org.gradle.internal.remote.internal.inet.InetAddresses] Is this a loopback interface? false
17:48:14.528 [DEBUG] [org.gradle.internal.remote.internal.inet.InetAddresses] Adding IP addresses for network interface WAN Miniport (IKEv2)
17:48:14.532 [DEBUG] [org.gradle.internal.remote.internal.inet.InetAddresses] Is this a loopback interface? false
17:48:14.532 [DEBUG] [org.gradle.internal.remote.internal.inet.InetAddresses] Adding IP addresses for network interface WAN Miniport (L2TP)
17:48:14.537 [DEBUG] [org.gradle.internal.remote.internal.inet.InetAddresses] Is this a loopback interface? false
17:48:14.538 [DEBUG] [org.gradle.internal.remote.internal.inet.InetAddresses] Adding IP addresses for network interface Bluetooth Device (RFCOMM Protocol TDI)
17:48:14.544 [DEBUG] [org.gradle.internal.remote.internal.inet.InetAddresses] Is this a loopback interface? false
17:48:14.544 [DEBUG] [org.gradle.internal.remote.internal.inet.InetAddresses] Adding IP addresses for network interface D-Link Mobile Broadband Device #2
17:48:14.549 [DEBUG] [org.gradle.internal.remote.internal.inet.InetAddresses] Is this a loopback interface? false
17:48:14.549 [DEBUG] [org.gradle.internal.remote.internal.inet.InetAddresses] Adding IP addresses for network interface Bluetooth Device (Personal Area Network)
17:48:14.553 [DEBUG] [org.gradle.internal.remote.internal.inet.InetAddresses] Is this a loopback interface? false
17:48:14.554 [DEBUG] [org.gradle.internal.remote.internal.inet.InetAddresses] Adding remote address /fe80:0:0:0:517b:8852:de9d:7348%eth4
17:48:14.554 [DEBUG] [org.gradle.internal.remote.internal.inet.InetAddresses] Adding IP addresses for network interface Intel(R) Dual Band Wireless-AC 8265
17:48:14.558 [DEBUG] [org.gradle.internal.remote.internal.inet.InetAddresses] Is this a loopback interface? false
17:48:14.558 [DEBUG] [org.gradle.internal.remote.internal.inet.InetAddresses] Adding remote address /192.168.0.102
17:48:14.559 [DEBUG] [org.gradle.internal.remote.internal.inet.InetAddresses] Adding remote address /fe80:0:0:0:7939:92de:5b89:4fc5%wlan1
17:48:14.559 [DEBUG] [org.gradle.internal.remote.internal.inet.InetAddresses] Adding IP addresses for network interface D-Link Mobile Broadband Device
17:48:14.564 [DEBUG] [org.gradle.internal.remote.internal.inet.InetAddresses] Is this a loopback interface? false
17:48:14.564 [DEBUG] [org.gradle.internal.remote.internal.inet.InetAddresses] Adding IP addresses for network interface WAN Miniport (IP)
17:48:14.569 [DEBUG] [org.gradle.internal.remote.internal.inet.InetAddresses] Is this a loopback interface? false
17:48:14.569 [DEBUG] [org.gradle.internal.remote.internal.inet.InetAddresses] Adding IP addresses for network interface Intel(R) Ethernet Connection (4) I219-LM
17:48:14.575 [DEBUG] [org.gradle.internal.remote.internal.inet.InetAddresses] Is this a loopback interface? false
17:48:14.576 [DEBUG] [org.gradle.internal.remote.internal.inet.InetAddresses] Adding remote address /192.168.0.105
17:48:14.576 [DEBUG] [org.gradle.internal.remote.internal.inet.InetAddresses] Adding remote address /fe80:0:0:0:940a:349:fd08:d313%eth6
17:48:14.577 [DEBUG] [org.gradle.internal.remote.internal.inet.InetAddresses] Adding IP addresses for network interface Microsoft Wi-Fi Direct Virtual Adapter #2
17:48:14.581 [DEBUG] [org.gradle.internal.remote.internal.inet.InetAddresses] Is this a loopback interface? false
17:48:14.582 [DEBUG] [org.gradle.internal.remote.internal.inet.InetAddresses] Adding remote address /fe80:0:0:0:7c8e:e69c:f13a:f783%wlan2
17:48:14.582 [DEBUG] [org.gradle.internal.remote.internal.inet.InetAddresses] Adding IP addresses for network interface Intel(R) Ethernet Connection (4) I219-LM-WFP Native MAC Layer LightWeight Filter-0000
17:48:14.586 [DEBUG] [org.gradle.internal.remote.internal.inet.InetAddresses] Is this a loopback interface? false
17:48:14.587 [DEBUG] [org.gradle.internal.remote.internal.inet.InetAddresses] Adding IP addresses for network interface Intel(R) Ethernet Connection (4) I219-LM-Symantec Endpoint Protection Firewall-0000
17:48:14.593 [DEBUG] [org.gradle.internal.remote.internal.inet.InetAddresses] Is this a loopback interface? false
17:48:14.593 [DEBUG] [org.gradle.internal.remote.internal.inet.InetAddresses] Adding IP addresses for network interface Intel(R) Ethernet Connection (4) I219-LM-QoS Packet Scheduler-0000
17:48:14.598 [DEBUG] [org.gradle.internal.remote.internal.inet.InetAddresses] Is this a loopback interface? false
17:48:14.598 [DEBUG] [org.gradle.internal.remote.internal.inet.InetAddresses] Adding IP addresses for network interface Intel(R) Ethernet Connection (4) I219-LM-WFP 802.3 MAC Layer LightWeight Filter-0000
17:48:14.602 [DEBUG] [org.gradle.internal.remote.internal.inet.InetAddresses] Is this a loopback interface? false
17:48:14.603 [DEBUG] [org.gradle.internal.remote.internal.inet.InetAddresses] Adding IP addresses for network interface Intel(R) Dual Band Wireless-AC 8265-WFP Native MAC Layer LightWeight Filter-0000
17:48:14.607 [DEBUG] [org.gradle.internal.remote.internal.inet.InetAddresses] Is this a loopback interface? false
17:48:14.608 [DEBUG] [org.gradle.internal.remote.internal.inet.InetAddresses] Adding IP addresses for network interface Intel(R) Dual Band Wireless-AC 8265-Virtual WiFi Filter Driver-0000
17:48:14.613 [DEBUG] [org.gradle.internal.remote.internal.inet.InetAddresses] Is this a loopback interface? false
17:48:14.613 [DEBUG] [org.gradle.internal.remote.internal.inet.InetAddresses] Adding IP addresses for network interface Intel(R) Dual Band Wireless-AC 8265-Native WiFi Filter Driver-0000
17:48:14.618 [DEBUG] [org.gradle.internal.remote.internal.inet.InetAddresses] Is this a loopback interface? false
17:48:14.618 [DEBUG] [org.gradle.internal.remote.internal.inet.InetAddresses] Adding IP addresses for network interface Intel(R) Dual Band Wireless-AC 8265-Symantec Endpoint Protection Firewall-0000
17:48:14.622 [DEBUG] [org.gradle.internal.remote.internal.inet.InetAddresses] Is this a loopback interface? false
17:48:14.622 [DEBUG] [org.gradle.internal.remote.internal.inet.InetAddresses] Adding IP addresses for network interface Intel(R) Dual Band Wireless-AC 8265-QoS Packet Scheduler-0000
17:48:14.625 [DEBUG] [org.gradle.internal.remote.internal.inet.InetAddresses] Is this a loopback interface? false
17:48:14.626 [DEBUG] [org.gradle.internal.remote.internal.inet.InetAddresses] Adding IP addresses for network interface Intel(R) Dual Band Wireless-AC 8265-WFP 802.3 MAC Layer LightWeight Filter-0000
17:48:14.630 [DEBUG] [org.gradle.internal.remote.internal.inet.InetAddresses] Is this a loopback interface? false
17:48:14.630 [DEBUG] [org.gradle.internal.remote.internal.inet.InetAddresses] Adding IP addresses for network interface WAN Miniport (IP)-WFP Native MAC Layer LightWeight Filter-0000
17:48:14.634 [DEBUG] [org.gradle.internal.remote.internal.inet.InetAddresses] Is this a loopback interface? false
17:48:14.634 [DEBUG] [org.gradle.internal.remote.internal.inet.InetAddresses] Adding IP addresses for network interface WAN Miniport (IP)-Symantec Endpoint Protection Firewall-0000
17:48:14.638 [DEBUG] [org.gradle.internal.remote.internal.inet.InetAddresses] Is this a loopback interface? false
17:48:14.639 [DEBUG] [org.gradle.internal.remote.internal.inet.InetAddresses] Adding IP addresses for network interface WAN Miniport (IP)-Riverbed Steelhead Mobile filter-0000
17:48:14.643 [DEBUG] [org.gradle.internal.remote.internal.inet.InetAddresses] Is this a loopback interface? false
17:48:14.643 [DEBUG] [org.gradle.internal.remote.internal.inet.InetAddresses] Adding IP addresses for network interface WAN Miniport (IP)-QoS Packet Scheduler-0000
17:48:14.647 [DEBUG] [org.gradle.internal.remote.internal.inet.InetAddresses] Is this a loopback interface? false
17:48:14.647 [DEBUG] [org.gradle.internal.remote.internal.inet.InetAddresses] Adding IP addresses for network interface WAN Miniport (IPv6)-WFP Native MAC Layer LightWeight Filter-0000
17:48:14.650 [DEBUG] [org.gradle.internal.remote.internal.inet.InetAddresses] Is this a loopback interface? false
17:48:14.651 [DEBUG] [org.gradle.internal.remote.internal.inet.InetAddresses] Adding IP addresses for network interface WAN Miniport (IPv6)-Symantec Endpoint Protection Firewall-0000
17:48:14.655 [DEBUG] [org.gradle.internal.remote.internal.inet.InetAddresses] Is this a loopback interface? false
17:48:14.655 [DEBUG] [org.gradle.internal.remote.internal.inet.InetAddresses] Adding IP addresses for network interface WAN Miniport (IPv6)-Riverbed Steelhead Mobile filter-0000
17:48:14.658 [DEBUG] [org.gradle.internal.remote.internal.inet.InetAddresses] Is this a loopback interface? false
17:48:14.659 [DEBUG] [org.gradle.internal.remote.internal.inet.InetAddresses] Adding IP addresses for network interface WAN Miniport (IPv6)-QoS Packet Scheduler-0000
17:48:14.662 [DEBUG] [org.gradle.internal.remote.internal.inet.InetAddresses] Is this a loopback interface? false
17:48:14.663 [DEBUG] [org.gradle.internal.remote.internal.inet.InetAddresses] Adding IP addresses for network interface WAN Miniport (Network Monitor)-WFP Native MAC Layer LightWeight Filter-0000
17:48:14.666 [DEBUG] [org.gradle.internal.remote.internal.inet.InetAddresses] Is this a loopback interface? false
17:48:14.666 [DEBUG] [org.gradle.internal.remote.internal.inet.InetAddresses] Adding IP addresses for network interface WAN Miniport (Network Monitor)-Symantec Endpoint Protection Firewall-0000
17:48:14.670 [DEBUG] [org.gradle.internal.remote.internal.inet.InetAddresses] Is this a loopback interface? false
17:48:14.671 [DEBUG] [org.gradle.internal.remote.internal.inet.InetAddresses] Adding IP addresses for network interface WAN Miniport (Network Monitor)-Riverbed Steelhead Mobile filter-0000
17:48:14.675 [DEBUG] [org.gradle.internal.remote.internal.inet.InetAddresses] Is this a loopback interface? false
17:48:14.676 [DEBUG] [org.gradle.internal.remote.internal.inet.InetAddresses] Adding IP addresses for network interface WAN Miniport (Network Monitor)-QoS Packet Scheduler-0000
17:48:14.680 [DEBUG] [org.gradle.internal.remote.internal.inet.InetAddresses] Is this a loopback interface? false
17:48:14.681 [DEBUG] [org.gradle.internal.remote.internal.inet.InetAddresses] Adding IP addresses for network interface Microsoft Wi-Fi Direct Virtual Adapter-WFP Native MAC Layer LightWeight Filter-0000
17:48:14.684 [DEBUG] [org.gradle.internal.remote.internal.inet.InetAddresses] Is this a loopback interface? false
17:48:14.684 [DEBUG] [org.gradle.internal.remote.internal.inet.InetAddresses] Adding IP addresses for network interface Microsoft Wi-Fi Direct Virtual Adapter-Native WiFi Filter Driver-0000
17:48:14.688 [DEBUG] [org.gradle.internal.remote.internal.inet.InetAddresses] Is this a loopback interface? false
17:48:14.688 [DEBUG] [org.gradle.internal.remote.internal.inet.InetAddresses] Adding IP addresses for network interface Microsoft Wi-Fi Direct Virtual Adapter-Symantec Endpoint Protection Firewall-0000
17:48:14.692 [DEBUG] [org.gradle.internal.remote.internal.inet.InetAddresses] Is this a loopback interface? false
17:48:14.692 [DEBUG] [org.gradle.internal.remote.internal.inet.InetAddresses] Adding IP addresses for network interface Microsoft Wi-Fi Direct Virtual Adapter-Riverbed Steelhead Mobile filter-0000
17:48:14.696 [DEBUG] [org.gradle.internal.remote.internal.inet.InetAddresses] Is this a loopback interface? false
17:48:14.696 [DEBUG] [org.gradle.internal.remote.internal.inet.InetAddresses] Adding IP addresses for network interface Microsoft Wi-Fi Direct Virtual Adapter-QoS Packet Scheduler-0000
17:48:14.700 [DEBUG] [org.gradle.internal.remote.internal.inet.InetAddresses] Is this a loopback interface? false
17:48:14.700 [DEBUG] [org.gradle.internal.remote.internal.inet.InetAddresses] Adding IP addresses for network interface Microsoft Wi-Fi Direct Virtual Adapter-WFP 802.3 MAC Layer LightWeight Filter-0000
17:48:14.703 [DEBUG] [org.gradle.internal.remote.internal.inet.InetAddresses] Is this a loopback interface? false
17:48:14.703 [DEBUG] [org.gradle.internal.remote.internal.inet.InetAddresses] Adding IP addresses for network interface Microsoft Wi-Fi Direct Virtual Adapter #2-WFP Native MAC Layer LightWeight Filter-0000
17:48:14.707 [DEBUG] [org.gradle.internal.remote.internal.inet.InetAddresses] Is this a loopback interface? false
17:48:14.707 [DEBUG] [org.gradle.internal.remote.internal.inet.InetAddresses] Adding IP addresses for network interface Microsoft Wi-Fi Direct Virtual Adapter #2-Native WiFi Filter Driver-0000
17:48:14.710 [DEBUG] [org.gradle.internal.remote.internal.inet.InetAddresses] Is this a loopback interface? false
17:48:14.711 [DEBUG] [org.gradle.internal.remote.internal.inet.InetAddresses] Adding IP addresses for network interface Microsoft Wi-Fi Direct Virtual Adapter #2-Symantec Endpoint Protection Firewall-0000
17:48:14.714 [DEBUG] [org.gradle.internal.remote.internal.inet.InetAddresses] Is this a loopback interface? false
17:48:14.714 [DEBUG] [org.gradle.internal.remote.internal.inet.InetAddresses] Adding IP addresses for network interface Microsoft Wi-Fi Direct Virtual Adapter #2-Riverbed Steelhead Mobile filter-0000
17:48:14.717 [DEBUG] [org.gradle.internal.remote.internal.inet.InetAddresses] Is this a loopback interface? false
17:48:14.718 [DEBUG] [org.gradle.internal.remote.internal.inet.InetAddresses] Adding IP addresses for network interface Microsoft Wi-Fi Direct Virtual Adapter #2-QoS Packet Scheduler-0000
17:48:14.721 [DEBUG] [org.gradle.internal.remote.internal.inet.InetAddresses] Is this a loopback interface? false
17:48:14.721 [DEBUG] [org.gradle.internal.remote.internal.inet.InetAddresses] Adding IP addresses for network interface Microsoft Wi-Fi Direct Virtual Adapter #2-WFP 802.3 MAC Layer LightWeight Filter-0000
17:48:14.726 [DEBUG] [org.gradle.internal.remote.internal.inet.InetAddresses] Is this a loopback interface? false
17:48:14.732 [DEBUG] [org.gradle.internal.remote.internal.inet.TcpIncomingConnector] Listening on [799d8c59-a158-4582-a0ce-4eacd12a5f40 port:52416, addresses:[/127.0.0.1, /0:0:0:0:0:0:0:1]].
17:48:14.743 [DEBUG] [org.gradle.launcher.daemon.server.Daemon] Daemon starting at: Wed Dec 02 17:48:14 IST 2020, with address: [799d8c59-a158-4582-a0ce-4eacd12a5f40 port:52416, addresses:[/127.0.0.1, /0:0:0:0:0:0:0:1]]
17:48:14.743 [INFO] [org.gradle.launcher.daemon.server.DaemonRegistryUpdater] Advertising the daemon address to the clients: [799d8c59-a158-4582-a0ce-4eacd12a5f40 port:52416, addresses:[/127.0.0.1, /0:0:0:0:0:0:0:1]]
17:48:14.744 [DEBUG] [org.gradle.launcher.daemon.server.DaemonRegistryUpdater] Advertised daemon context: DefaultDaemonContext[uid=db3d7ee6-e147-4dbb-b41d-a1b54422a0ef,javaHome=C:\Program Files\Java\jdk1.8.0_181,daemonRegistryDir=C:\Users\Vikas.Gautam\Desktop\GitV2\ClaimCenter1003\gradle\cache\daemon,pid=13220,idleTimeout=120000,priority=NORMAL,daemonOpts=-Xms1g,-Xmx4g,-Dfile.encoding=windows-1252,-Duser.country=IN,-Duser.language=en,-Duser.variant]
17:48:14.747 [DEBUG] [org.gradle.launcher.daemon.registry.PersistentDaemonRegistry] Storing daemon address: [799d8c59-a158-4582-a0ce-4eacd12a5f40 port:52416, addresses:[/127.0.0.1, /0:0:0:0:0:0:0:1]], context: DefaultDaemonContext[uid=db3d7ee6-e147-4dbb-b41d-a1b54422a0ef,javaHome=C:\Program Files\Java\jdk1.8.0_181,daemonRegistryDir=C:\Users\Vikas.Gautam\Desktop\GitV2\ClaimCenter1003\gradle\cache\daemon,pid=13220,idleTimeout=120000,priority=NORMAL,daemonOpts=-Xms1g,-Xmx4g,-Dfile.encoding=windows-1252,-Duser.country=IN,-Duser.language=en,-Duser.variant]
17:48:14.775 [DEBUG] [org.gradle.cache.internal.DefaultFileLockManager] Waiting to acquire exclusive lock on daemon addresses registry.
17:48:14.779 [DEBUG] [org.gradle.cache.internal.DefaultFileLockManager] Lock acquired on daemon addresses registry.
17:48:14.794 [DEBUG] [org.gradle.cache.internal.DefaultFileLockManager] Releasing lock on daemon addresses registry.
17:48:14.795 [LIFECYCLE] [org.gradle.launcher.daemon.server.Daemon] Daemon server started.
17:48:14.798 [DEBUG] [org.gradle.launcher.daemon.bootstrap.DaemonStartupCommunication] Completed writing the daemon greeting. Closing streams...
17:48:14.809 [DEBUG] [org.gradle.launcher.daemon.server.Daemon] stopOnExpiration() called on daemon
17:48:14.811 [DEBUG] [org.gradle.launcher.daemon.server.Daemon] awaitExpiration() called on daemon
17:48:14.811 [DEBUG] [org.gradle.launcher.daemon.server.DaemonStateCoordinator] daemon is running. Sleeping until state changes.
17:48:15.421 [DEBUG] [org.gradle.internal.remote.internal.inet.TcpIncomingConnector] Accepted connection from /127.0.0.1:52417 to /127.0.0.1:52416.
17:48:15.498 [DEBUG] [org.gradle.launcher.daemon.server.SynchronizedDispatchConnection] thread 17: received class org.gradle.launcher.daemon.protocol.Build
17:48:15.499 [DEBUG] [org.gradle.launcher.daemon.server.DefaultDaemonConnection] thread 17: Received non-IO message from client: Build{id=573fd530-394e-49e2-b0e2-991ab1874178, currentDir=C:\Users\Vikas.Gautam\Desktop\GitV2\ClaimCenter1003}
17:48:15.499 [INFO] [org.gradle.launcher.daemon.server.DefaultIncomingConnectionHandler] Received command: Build{id=573fd530-394e-49e2-b0e2-991ab1874178, currentDir=C:\Users\Vikas.Gautam\Desktop\GitV2\ClaimCenter1003}.
17:48:15.500 [DEBUG] [org.gradle.launcher.daemon.server.DefaultIncomingConnectionHandler] Starting executing command: Build{id=573fd530-394e-49e2-b0e2-991ab1874178, currentDir=C:\Users\Vikas.Gautam\Desktop\GitV2\ClaimCenter1003} with connection: socket connection from /127.0.0.1:52416 to /127.0.0.1:52417.
17:48:15.503 [ERROR] [org.gradle.launcher.daemon.server.DaemonStateCoordinator] Command execution: started DaemonCommandExecution[command = Build{id=573fd530-394e-49e2-b0e2-991ab1874178, currentDir=C:\Users\Vikas.Gautam\Desktop\GitV2\ClaimCenter1003}, connection = DefaultDaemonConnection: socket connection from /127.0.0.1:52416 to /127.0.0.1:52417] after 0.0 minutes of idle
17:48:15.504 [INFO] [org.gradle.launcher.daemon.server.DaemonRegistryUpdater] Marking the daemon as busy, address: [799d8c59-a158-4582-a0ce-4eacd12a5f40 port:52416, addresses:[/127.0.0.1, /0:0:0:0:0:0:0:1]]
17:48:15.504 [DEBUG] [org.gradle.launcher.daemon.registry.PersistentDaemonRegistry] Marking busy by address: [799d8c59-a158-4582-a0ce-4eacd12a5f40 port:52416, addresses:[/127.0.0.1, /0:0:0:0:0:0:0:1]]
17:48:15.506 [DEBUG] [org.gradle.cache.internal.DefaultFileLockManager] Waiting to acquire exclusive lock on daemon addresses registry.
17:48:15.507 [DEBUG] [org.gradle.cache.internal.DefaultFileLockManager] Lock acquired on daemon addresses registry.
17:48:15.512 [DEBUG] [org.gradle.cache.internal.DefaultFileLockManager] Releasing lock on daemon addresses registry.
17:48:15.513 [DEBUG] [org.gradle.launcher.daemon.server.DaemonStateCoordinator] resetting idle timer
17:48:15.514 [DEBUG] [org.gradle.launcher.daemon.server.DaemonStateCoordinator] daemon is running. Sleeping until state changes.
17:48:15.515 [INFO] [org.gradle.launcher.daemon.server.exec.StartBuildOrRespondWithBusy] Daemon is about to start building Build{id=573fd530-394e-49e2-b0e2-991ab1874178, currentDir=C:\Users\Vikas.Gautam\Desktop\GitV2\ClaimCenter1003}. Dispatching build started information...
17:48:15.515 [DEBUG] [org.gradle.launcher.daemon.server.SynchronizedDispatchConnection] thread 19: dispatching class org.gradle.launcher.daemon.protocol.BuildStarted
17:48:15.522 [DEBUG] [org.gradle.launcher.daemon.server.exec.EstablishBuildEnvironment] Configuring env variables: {USERDOMAIN_ROAMINGPROFILE=MEA, PROCESSOR_LEVEL=6, SESSIONNAME=Console, ALLUSERSPROFILE=C:\ProgramData, PROCESSOR_ARCHITECTURE=AMD64, PSModulePath=C:\Program Files\WindowsPowerShell\Modules;C:\Windows\system32\WindowsPowerShell\v1.0\Modules, SystemDrive=C:, DIRNAME=C:\Users\Vikas.Gautam\Desktop\GitV2\ClaimCenter1003\, USERNAME=Vikas.Gautam, USERDNSDOMAIN=MEA.EY.NET, ProgramFiles(x86)=C:\Program Files (x86), FPS_BROWSER_USER_PROFILE_STRING=Default, APP_HOME=C:\Users\Vikas.Gautam\Desktop\GitV2\ClaimCenter1003\, DEFAULT_JVM_OPTS="-Xmx1g", PATHEXT=.COM;.EXE;.BAT;.CMD;.VBS;.VBE;.JS;.JSE;.WSF;.WSH;.MSC, DriverData=C:\Windows\System32\Drivers\DriverData, ProgramData=C:\ProgramData, ProgramW6432=C:\Program Files, HOMEPATH=\Users\Vikas.Gautam, PROCESSOR_IDENTIFIER=Intel64 Family 6 Model 142 Stepping 10, GenuineIntel, ProgramFiles=C:\Program Files, PUBLIC=C:\Users\Public, windir=C:\Windows, =::=::\, _SKIP=2, OneDriveCommercial=C:\Users\Vikas.Gautam\OneDrive - EY, LOCALAPPDATA=C:\Users\Vikas.Gautam\AppData\Local, USERDOMAIN=MEA, FPS_BROWSER_APP_PROFILE_STRING=Internet Explorer, LOGONSERVER=\\DERUSBMPAD91, JAVA_HOME=C:\Program Files\Java\jdk1.8.0_181, PROMPT=$P$G, ANT_HOME=C:\apache-ant-1.8.2, OneDrive=C:\Users\Vikas.Gautam\OneDrive - EY, =C:=C:\Users\Vikas.Gautam\Desktop\GitV2\ClaimCenter1003, APPDATA=C:\Users\Vikas.Gautam\AppData\Roaming, JAVA_EXE=C:\Program Files\Java\jdk1.8.0_181/bin/java.exe, CommonProgramFiles=C:\Program Files\Common Files, Path="C:\Program Files\Java\jdk1.8.0_181\bin", NEXTHINK=C:\Program Files\Nexthink\Collector, OS=Windows_NT, COMPUTERNAME=IN2371211W3, PROCESSOR_REVISION=8e0a, CLASSPATH=C:\Users\Vikas.Gautam\Desktop\GitV2\ClaimCenter1003\\gradle\wrapper\gradle-wrapper.jar, CommonProgramW6432=C:\Program Files\Common Files, ComSpec=C:\Windows\system32\cmd.exe, UATDATA=C:\Windows\CCM\UATData\D9F8C395-CAB8-491d-B8AC-179A1FE1BE77, APP_BASE_NAME=gwb, SystemRoot=C:\Windows, TEMP=C:\Users\VIKAS~1.GAU\AppData\Local\Temp, HOMEDRIVE=C:, USERPROFILE=C:\Users\Vikas.Gautam, TMP=C:\Users\VIKAS~1.GAU\AppData\Local\Temp, CommonProgramFiles(x86)=C:\Program Files (x86)\Common Files, NUMBER_OF_PROCESSORS=8, DEFAULT_TASK=gwTasks}
17:48:15.532 [DEBUG] [org.gradle.launcher.daemon.server.exec.LogToClient] About to start relaying all logs to the client via the connection.
17:48:15.532 [INFO] [org.gradle.launcher.daemon.server.exec.LogToClient] The client will now receive all logging from the daemon (pid: 13220). The daemon log file: C:\Users\Vikas.Gautam\Desktop\GitV2\ClaimCenter1003\gradle\cache\daemon\5.1.1\daemon-13220.out.log
17:48:15.537 [DEBUG] [org.gradle.launcher.daemon.server.exec.RequestStopIfSingleUsedDaemon] Requesting daemon stop after processing Build{id=573fd530-394e-49e2-b0e2-991ab1874178, currentDir=C:\Users\Vikas.Gautam\Desktop\GitV2\ClaimCenter1003}
17:48:15.537 [LIFECYCLE] [org.gradle.launcher.daemon.server.DaemonStateCoordinator] Daemon will be stopped at the end of the build stopping after processing
17:48:15.537 [DEBUG] [org.gradle.launcher.daemon.server.DaemonStateCoordinator] Stop as soon as idle requested. The daemon is busy: true
17:48:15.538 [DEBUG] [org.gradle.launcher.daemon.server.DaemonStateCoordinator] daemon stop has been requested. Sleeping until state changes.
17:48:15.545 [DEBUG] [org.gradle.launcher.daemon.server.exec.ExecuteBuild] The daemon has started executing the build.
17:48:15.546 [DEBUG] [org.gradle.launcher.daemon.server.exec.ExecuteBuild] Executing build with daemon context: DefaultDaemonContext[uid=db3d7ee6-e147-4dbb-b41d-a1b54422a0ef,javaHome=C:\Program Files\Java\jdk1.8.0_181,daemonRegistryDir=C:\Users\Vikas.Gautam\Desktop\GitV2\ClaimCenter1003\gradle\cache\daemon,pid=13220,idleTimeout=120000,priority=NORMAL,daemonOpts=-Xms1g,-Xmx4g,-Dfile.encoding=windows-1252,-Duser.country=IN,-Duser.language=en,-Duser.variant]
Importing POM com.guidewire.cc:cc-parent:10.0.3
Importing parent POM com.guidewire.cc:cc-all:10.0.3
Importing POM com.guidewire.cc:cc-all:10.0.3

Core Application Tasks
----------------------
clean - Delete the build directories.
cleanIdea - Delete Studio project files (.iml, .idea)
codegen - Generate entities, PCFs, permissions, and other sources
compile - Compile Java sources, re-generate sources, OSGi metadata, and prepare Web application. Pass -DincludeGtest=true to compile sources in gtest.
dropDb - Drop all database tables.
idea - Generate Studio project
inspect - Run Guidewire Studio Inspections.
runServer - Start the Guidewire application server.
stopServer - Stop the Guidewire application server.
studio - Start Guidewire Studio.

Configuration Upgrade Tasks
---------------------------
genRuleReport - Build the rule repository report

Application Server Tasks
------------------------
earWeblogicDbcp - Build the EAR file for Weblogic including JDBC drivers.
earWeblogicJndi - Build the EAR file for Weblogic without JDBC drivers.
earWebsphereDbcp - Build the EAR file for Websphere including JDBC drivers.
earWebsphereJndi - Build the EAR file for Websphere without JDBC drivers.
warJbossDbcp - Build the WAR file for Jboss including JDBC drivers.
warJbossJndi - Build the WAR file for Jboss without JDBC drivers.
warTomcatDbcp - Build the WAR file for Tomcat including JDBC drivers.
warTomcatJndi - Build the WAR file for Tomcat without JDBC drivers.

Globalization Tasks
-------------------
diffDisplayKeys - Generate missing display keys in 'missing-display-keys' directory.
exportLocalizations - Export localizations, requires -Dexport.file=<translation file> -Dexport.language=<destination language>
importLocalizations - Import localized resources from the named file (<translation file>) for the named language (<destination language>).requires -Dimport.file=<translation file> -Dimport.language=<destination language>

Integration Tasks
-----------------
exportWsdl - Export the WSDL for WSI web services in wsdl.
genExternalSchemas - Generates external JSON, Swagger JSON and XSD schemas for internal integration JSON and Swagger schemas. For detailed info run 'gwb -q help --task genExternalSchemas'
genFromWsc - Build WSC meta-information. Run this command whenever there are new .wsc files containing web service URLs available to generate the web service stub code. Place all WSC files in the configuration module.
genWsiLocal - Generate the WSDL for WSI web services in gsrc/wsi/local.
jsonSchemaCodegen - Generates code for the json schemas in codegen-schemas.txt file.  For detailed info run 'gwb -q help --task jsonSchemaCodegen'
updateReleasedSchemaVersions - Updates versioned Integration View and REST API schemas.  For detailed info run 'gwb -q help --task updateReleasedSchemaVersions'

Documentation Tasks
-------------------
genDataDictionary - Build the Data Dictionary and Security Dictionary in HTML, and the Data Dictionary in XML. To build the Data Dictionary and Security Dictionary in XML only, use the optional property: -DoutputFormat=xml
genEntityModelXml - Generate the entity model in XML format.

Plugin Development Tasks
------------------------
genJavaApi - Build the Java API toolkit. Add the optional -Ddeprecated=true option to additionally generate the deprecated Java APIs.
pluginStudio - Start Guidewire Plugin Studio.

Other Tasks
-----------
genDataMapping - Build the data mapping files with all tables and typelists concatenated. Use the -Dsplit=true option to split out the tables and typelists.
genImportAdminDataXsd - Regenerate the XSD files for importing administrative data.
genPcfMapping - Build the PCF mappings
genPhoneMetadata - Regenerates phone metadata in config/phone/data. Run this target if you have modified the phone metadata XML files.
mergeModule - Merge given configuration module on top of 'configuration', requires -Dmerge.module=<module directory>
packageSolr - Regenerate the Solr zip file.
runSuite - Run test suite
verifyExtConfig - Performs a verification of external property substitution to find errors.
verifyResources - Check PCF, Annotation, GxModel, RestIView, Workflow, Types. Can use -Dresource.types=<types> to limit types property
version - Print information on the Guidewire application build and third-party application versions.
zipChangedConfig - Create a named archive (<filename>) in ZIP format containing any changed configuration files. required property: -DoutputFile=<filename>; optional properties: -Dexclude=<exclude list>, -DappRootDirectory=<dir>

Deprecated Tasks
----------------
build-jboss-war-dbcp - Use task "warJbossDbcp" instead
build-jboss-war-jndi - Use task "warJbossJndi" instead
build-tomcat-war-dbcp - Use task "warTomcatDbcp" instead
build-tomcat-war-jndi - Use task "warTomcatJndi" instead
build-weblogic-ear-dbcp - Use task "earWeblogicDbcp" instead
build-weblogic-ear-jndi - Use task "earWeblogicJndi" instead
build-websphere-ear-dbcp - Use task "earWebsphereDbcp" instead
build-websphere-ear-jndi - Use task "earWebsphereJndi" instead
dev-dropdb - Use task "dropDb" instead
dev-start - Use task "runServer" instead
dev-stop - Use task "stopServer" instead
displaykey-diff - Use task "diffDisplayKeys" instead
export-l10ns - Use task "exportLocalizations" instead
import-l10ns - Use task "importLocalizations" instead
merge-module - Use task "mergeModule" instead
regen-datamapping - Use task "genDataMapping" instead
regen-dictionary - Use task "genDataDictionary" instead
regen-entity-model-xml - Use task "genEntityModelXml" instead
regen-from-wsc - Use task "genFromWsc" instead
regen-gosu-api - Use task "gosudoc" instead
regen-java-api - Use task "genJavaApi" instead
regen-pcfmapping - Use task "genPcfMapping" instead
regen-phone-metadata - Use task "genPhoneMetadata" instead
regen-project - Use task "idea" instead
regen-rulereport - Use task "genRuleReport" instead
regen-wsi-local - Use task "genWsiLocal" instead
regen-xsd - Use task "genImportAdminDataXsd" instead
solr - Use task "packageSolr" instead
verify-resources - Use task "verifyResources" instead
zip-changed-config - Use task "zipChangedConfig" instead

To see more detail, run gwTasks --more

Deprecated Gradle features were used in this build, making it incompatible with Gradle 6.0.
Use '--warning-mode all' to show the individual deprecation warnings.
See https://docs.gradle.org/5.1.1/userguide/command_line_interface.html#sec:command_line_warnings

BUILD SUCCESSFUL in 22s
1 actionable task: 1 executed
17:48:28.311 [DEBUG] [org.gradle.launcher.daemon.server.exec.ExecuteBuild] The daemon has finished executing the build.
17:48:28.333 [DEBUG] [org.gradle.launcher.daemon.server.DaemonStateCoordinator] daemon stop has been requested. Sleeping until state changes.
17:48:28.334 [DEBUG] [org.gradle.launcher.daemon.server.DaemonStateCoordinator] Command execution: finished waiting for DaemonCommandExecution[command = Build{id=573fd530-394e-49e2-b0e2-991ab1874178, currentDir=C:\Users\Vikas.Gautam\Desktop\GitV2\ClaimCenter1003}, connection = DefaultDaemonConnection: socket connection from /127.0.0.1:52416 to /127.0.0.1:52417]. Result org.gradle.launcher.daemon.server.DaemonStateCoordinator@51912386 with state StopRequested
17:48:28.335 [DEBUG] [org.gradle.launcher.daemon.server.DaemonStateCoordinator] Command execution: completed DaemonCommandExecution[command = Build{id=573fd530-394e-49e2-b0e2-991ab1874178, currentDir=C:\Users\Vikas.Gautam\Desktop\GitV2\ClaimCenter1003}, connection = DefaultDaemonConnection: socket connection from /127.0.0.1:52416 to /127.0.0.1:52417]
17:48:28.335 [DEBUG] [org.gradle.launcher.daemon.server.DaemonStateCoordinator] resetting idle timer
17:48:28.335 [DEBUG] [org.gradle.launcher.daemon.server.DaemonStateCoordinator] Marking daemon stopped due to command completed and stop requested. The daemon is running a build: false
17:48:28.336 [DEBUG] [org.gradle.launcher.daemon.server.DaemonStateCoordinator] daemon has stopped.
17:48:28.336 [DEBUG] [org.gradle.launcher.daemon.server.exec.ReturnResult] Daemon is dispatching the build result: Success[value=org.gradle.launcher.exec.BuildActionResult@b1a93fd]
17:48:28.336 [DEBUG] [org.gradle.launcher.daemon.server.Daemon] stop() called on daemon
17:48:28.337 [DEBUG] [org.gradle.launcher.daemon.server.SynchronizedDispatchConnection] thread 16: dispatching class org.gradle.launcher.daemon.protocol.Success
17:48:28.337 [INFO] [org.gradle.launcher.daemon.server.Daemon] Stop requested. Daemon is removing its presence from the registry...
17:48:28.338 [DEBUG] [org.gradle.launcher.daemon.server.DaemonRegistryUpdater] Removing our presence to clients, eg. removing this address from the registry: [799d8c59-a158-4582-a0ce-4eacd12a5f40 port:52416, addresses:[/127.0.0.1, /0:0:0:0:0:0:0:1]]
17:48:28.339 [DEBUG] [org.gradle.launcher.daemon.registry.PersistentDaemonRegistry] Removing daemon address: [799d8c59-a158-4582-a0ce-4eacd12a5f40 port:52416, addresses:[/127.0.0.1, /0:0:0:0:0:0:0:1]]
17:48:28.339 [DEBUG] [org.gradle.launcher.daemon.server.DefaultIncomingConnectionHandler] Finishing executing command: Build{id=573fd530-394e-49e2-b0e2-991ab1874178, currentDir=C:\Users\Vikas.Gautam\Desktop\GitV2\ClaimCenter1003}
17:48:28.350 [DEBUG] [org.gradle.cache.internal.DefaultFileLockManager] Waiting to acquire exclusive lock on daemon addresses registry.
17:48:28.352 [DEBUG] [org.gradle.cache.internal.DefaultFileLockManager] Lock acquired on daemon addresses registry.
17:48:28.358 [DEBUG] [org.gradle.cache.internal.DefaultFileLockManager] Releasing lock on daemon addresses registry.
17:48:28.359 [DEBUG] [org.gradle.launcher.daemon.server.DaemonRegistryUpdater] Address removed from registry.
17:48:31.490 [DEBUG] [org.gradle.process.internal.health.memory.MemoryManager] Emitting OS memory status event {Total: 8425512960, Free: 2044280832}
17:48:31.490 [DEBUG] [org.gradle.launcher.daemon.server.health.LowMemoryDaemonExpirationStrategy] Received memory status update: {Total: 8425512960, Free: 2044280832}
17:48:31.491 [DEBUG] [org.gradle.process.internal.health.memory.MemoryManager] Emitting JVM memory status event {Maximum: 4151836672, Committed: 1038090240}
17:48:33.672 [DEBUG] [org.gradle.launcher.daemon.server.SynchronizedDispatchConnection] thread 17: received class org.gradle.launcher.daemon.protocol.CloseInput
17:48:33.672 [DEBUG] [org.gradle.launcher.daemon.server.DefaultDaemonConnection] thread 17: Received IO message from client: org.gradle.launcher.daemon.protocol.CloseInput@3b6b4226
17:48:33.673 [DEBUG] [org.gradle.launcher.daemon.server.SynchronizedDispatchConnection] thread 17: received class org.gradle.launcher.daemon.protocol.Finished
17:48:33.673 [DEBUG] [org.gradle.launcher.daemon.server.DefaultDaemonConnection] thread 17: Received non-IO message from client: org.gradle.launcher.daemon.protocol.Finished@45cf3c2c
17:48:33.674 [DEBUG] [org.gradle.launcher.daemon.server.DefaultIncomingConnectionHandler] Received finished message: org.gradle.launcher.daemon.protocol.Finished@45cf3c2c
17:48:33.674 [DEBUG] [org.gradle.launcher.daemon.server.SynchronizedDispatchConnection] thread 16: stopping connection
17:48:33.677 [DEBUG] [org.gradle.internal.remote.internal.inet.SocketConnection] Discarding EOFException: java.io.EOFException
17:48:33.677 [DEBUG] [org.gradle.launcher.daemon.server.SynchronizedDispatchConnection] thread 17: received null
17:48:33.678 [DEBUG] [org.gradle.launcher.daemon.server.DefaultDaemonConnection] thread 17: Received end-of-input from client.
17:48:33.678 [DEBUG] [org.gradle.launcher.daemon.server.SynchronizedDispatchConnection] thread 16: stopping connection
17:48:33.680 [DEBUG] [org.gradle.cache.internal.LockOnDemandCrossProcessCacheAccess] Releasing file lock for jars (C:\Users\Vikas.Gautam\Desktop\GitV2\ClaimCenter1003\gradle\cache\caches\jars-3)
17:48:33.680 [DEBUG] [org.gradle.cache.internal.DefaultFileLockManager] Releasing lock on jars (C:\Users\Vikas.Gautam\Desktop\GitV2\ClaimCenter1003\gradle\cache\caches\jars-3).
17:48:33.683 [DEBUG] [org.gradle.cache.internal.DefaultPersistentDirectoryStore] jars (C:\Users\Vikas.Gautam\Desktop\GitV2\ClaimCenter1003\gradle\cache\caches\jars-3) has last been fully cleaned up 0 hours ago
17:48:33.707 [DEBUG] [org.gradle.cache.internal.DefaultCacheAccess] Cache Generated Gradle JARs cache (C:\Users\Vikas.Gautam\Desktop\GitV2\ClaimCenter1003\gradle\cache\caches\5.1.1\generated-gradle-jars) was closed 0 times.
17:48:33.715 [DEBUG] [org.gradle.cache.internal.DefaultPersistentDirectoryStore] artifact cache (C:\Users\Vikas.Gautam\Desktop\GitV2\ClaimCenter1003\gradle\cache\caches\modules-2) has last been fully cleaned up 0 hours ago
17:48:33.715 [DEBUG] [org.gradle.cache.internal.DefaultCacheAccess] Cache artifact cache (C:\Users\Vikas.Gautam\Desktop\GitV2\ClaimCenter1003\gradle\cache\caches\modules-2) was closed 0 times.
17:48:33.722 [DEBUG] [org.gradle.cache.internal.DefaultPersistentDirectoryStore] Artifact transforms cache (C:\Users\Vikas.Gautam\Desktop\GitV2\ClaimCenter1003\gradle\cache\caches\transforms-2) has last been fully cleaned up 0 hours ago
17:48:33.722 [DEBUG] [org.gradle.cache.internal.DefaultCacheAccess] Cache Artifact transforms cache (C:\Users\Vikas.Gautam\Desktop\GitV2\ClaimCenter1003\gradle\cache\caches\transforms-2) was closed 0 times.
17:48:33.723 [DEBUG] [org.gradle.cache.internal.LockOnDemandCrossProcessCacheAccess] Releasing file lock for journal cache (C:\Users\Vikas.Gautam\Desktop\GitV2\ClaimCenter1003\gradle\cache\caches\journal-1)
17:48:33.723 [DEBUG] [org.gradle.cache.internal.btree.BTreePersistentIndexedCache] Closing cache file-access.bin (C:\Users\Vikas.Gautam\Desktop\GitV2\ClaimCenter1003\gradle\cache\caches\journal-1\file-access.bin)
17:48:33.725 [DEBUG] [org.gradle.cache.internal.DefaultFileLockManager] Releasing lock on journal cache (C:\Users\Vikas.Gautam\Desktop\GitV2\ClaimCenter1003\gradle\cache\caches\journal-1).
17:48:33.726 [DEBUG] [org.gradle.cache.internal.LockOnDemandCrossProcessCacheAccess] Releasing file lock for file hash cache (C:\Users\Vikas.Gautam\Desktop\GitV2\ClaimCenter1003\gradle\cache\caches\5.1.1\fileHashes)
17:48:33.727 [DEBUG] [org.gradle.cache.internal.btree.BTreePersistentIndexedCache] Closing cache fileHashes.bin (C:\Users\Vikas.Gautam\Desktop\GitV2\ClaimCenter1003\gradle\cache\caches\5.1.1\fileHashes\fileHashes.bin)
17:48:33.731 [DEBUG] [org.gradle.cache.internal.btree.BTreePersistentIndexedCache] Closing cache resourceHashesCache.bin (C:\Users\Vikas.Gautam\Desktop\GitV2\ClaimCenter1003\gradle\cache\caches\5.1.1\fileHashes\resourceHashesCache.bin)
17:48:33.737 [DEBUG] [org.gradle.cache.internal.DefaultFileLockManager] Releasing lock on file hash cache (C:\Users\Vikas.Gautam\Desktop\GitV2\ClaimCenter1003\gradle\cache\caches\5.1.1\fileHashes).
17:48:33.740 [DEBUG] [org.gradle.cache.internal.LockOnDemandCrossProcessCacheAccess] Releasing file lock for execution history cache (C:\Users\Vikas.Gautam\Desktop\GitV2\ClaimCenter1003\gradle\cache\caches\5.1.1\executionHistory)
17:48:33.740 [DEBUG] [org.gradle.cache.internal.DefaultFileLockManager] Releasing lock on execution history cache (C:\Users\Vikas.Gautam\Desktop\GitV2\ClaimCenter1003\gradle\cache\caches\5.1.1\executionHistory).
17:48:33.746Daemon vm is shutting down... The daemon has exited normally or was terminated in response to a user interrupt.
 [DEBUG] [org.gradle.launcher.daemon.registry.PersistentDaemonRegistry] Removing daemon address: [799d8c59-a158-4582-a0ce-4eacd12a5f40 port:52416, addresses:[/127.0.0.1, /0:0:0:0:0:0:0:1]]
17:48:33.749 [DEBUG] [org.gradle.cache.internal.DefaultFileLockManager] Waiting to acquire exclusive lock on daemon addresses registry.
17:48:33.750 [DEBUG] [org.gradle.cache.internal.DefaultFileLockManager] Lock acquired on daemon addresses registry.
17:48:33.757 [DEBUG] [org.gradle.cache.internal.DefaultFileLockManager] Releasing lock on daemon addresses registry.
