11:30:40.989 [DEBUG] [org.gradle.launcher.daemon.bootstrap.DaemonMain] Assuming the daemon was started with following jvm opts: [-Xms1g, -Xmx4g, -Dfile.encoding=windows-1252, -Duser.country=IN, -Duser.language=en, -Duser.variant]
11:30:41.048 [INFO] [org.gradle.launcher.daemon.server.health.gc.GarbageCollectionMonitor] Unable to determine a garbage collection monitoring strategy for JVMStrategy{Oracle Corporation version 1.8.0_181}
11:30:41.072 [DEBUG] [org.gradle.internal.nativeintegration.services.NativeServices] Native-platform posix files integration is not available. Continuing with fallback.
11:30:41.165 [INFO] [org.gradle.launcher.daemon.server.Daemon] start() called on daemon - DefaultDaemonContext[uid=130cb4ea-39c8-42d7-b9ed-5fde59f07cd6,javaHome=C:\Program Files\Java\jdk1.8.0_181,daemonRegistryDir=C:\Users\Vikas.Gautam\Desktop\GitV2\ClaimCenter1003\gradle\cache\daemon,pid=15660,idleTimeout=120000,priority=NORMAL,daemonOpts=-Xms1g,-Xmx4g,-Dfile.encoding=windows-1252,-Duser.country=IN,-Duser.language=en,-Duser.variant]
11:30:41.982 [DEBUG] [org.gradle.internal.remote.internal.inet.InetAddresses] Adding IP addresses for network interface Software Loopback Interface 1
11:30:41.985 [DEBUG] [org.gradle.internal.remote.internal.inet.InetAddresses] Is this a loopback interface? true
11:30:41.986 [DEBUG] [org.gradle.internal.remote.internal.inet.InetAddresses] Adding loopback address /127.0.0.1
11:30:41.991 [DEBUG] [org.gradle.internal.remote.internal.inet.InetAddresses] Adding loopback address /0:0:0:0:0:0:0:1
11:30:41.992 [DEBUG] [org.gradle.internal.remote.internal.inet.InetAddresses] Adding IP addresses for network interface Microsoft 6to4 Adapter
11:30:41.995 [DEBUG] [org.gradle.internal.remote.internal.inet.InetAddresses] Is this a loopback interface? false
11:30:41.995 [DEBUG] [org.gradle.internal.remote.internal.inet.InetAddresses] Adding IP addresses for network interface WAN Miniport (IPv6)
11:30:41.998 [DEBUG] [org.gradle.internal.remote.internal.inet.InetAddresses] Is this a loopback interface? false
11:30:41.998 [DEBUG] [org.gradle.internal.remote.internal.inet.InetAddresses] Adding IP addresses for network interface WAN Miniport (PPPOE)
11:30:42.001 [DEBUG] [org.gradle.internal.remote.internal.inet.InetAddresses] Is this a loopback interface? false
11:30:42.002 [DEBUG] [org.gradle.internal.remote.internal.inet.InetAddresses] Adding IP addresses for network interface RAS Async Adapter
11:30:42.006 [DEBUG] [org.gradle.internal.remote.internal.inet.InetAddresses] Is this a loopback interface? false
11:30:42.006 [DEBUG] [org.gradle.internal.remote.internal.inet.InetAddresses] Adding IP addresses for network interface Microsoft Kernel Debug Network Adapter
11:30:42.010 [DEBUG] [org.gradle.internal.remote.internal.inet.InetAddresses] Is this a loopback interface? false
11:30:42.010 [DEBUG] [org.gradle.internal.remote.internal.inet.InetAddresses] Adding IP addresses for network interface Microsoft IP-HTTPS Platform Adapter
11:30:42.014 [DEBUG] [org.gradle.internal.remote.internal.inet.InetAddresses] Is this a loopback interface? false
11:30:42.015 [DEBUG] [org.gradle.internal.remote.internal.inet.InetAddresses] Adding IP addresses for network interface Dell VPN Adapter
11:30:42.018 [DEBUG] [org.gradle.internal.remote.internal.inet.InetAddresses] Is this a loopback interface? false
11:30:42.019 [DEBUG] [org.gradle.internal.remote.internal.inet.InetAddresses] Adding IP addresses for network interface WAN Miniport (PPTP)
11:30:42.022 [DEBUG] [org.gradle.internal.remote.internal.inet.InetAddresses] Is this a loopback interface? false
11:30:42.023 [DEBUG] [org.gradle.internal.remote.internal.inet.InetAddresses] Adding IP addresses for network interface WAN Miniport (Network Monitor)
11:30:42.026 [DEBUG] [org.gradle.internal.remote.internal.inet.InetAddresses] Is this a loopback interface? false
11:30:42.026 [DEBUG] [org.gradle.internal.remote.internal.inet.InetAddresses] Adding IP addresses for network interface Remote NDIS based Internet Sharing Device
11:30:42.029 [DEBUG] [org.gradle.internal.remote.internal.inet.InetAddresses] Is this a loopback interface? false
11:30:42.029 [DEBUG] [org.gradle.internal.remote.internal.inet.InetAddresses] Adding remote address /192.168.1.100
11:30:42.029 [DEBUG] [org.gradle.internal.remote.internal.inet.InetAddresses] Adding remote address /2409:4063:4e24:124b:5c78:b10a:704a:1cfe
11:30:42.029 [DEBUG] [org.gradle.internal.remote.internal.inet.InetAddresses] Adding remote address /2409:4063:4e24:124b:183a:5b9d:1028:e359
11:30:42.030 [DEBUG] [org.gradle.internal.remote.internal.inet.InetAddresses] Adding remote address /fe80:0:0:0:5c78:b10a:704a:1cfe%eth3
11:30:42.030 [DEBUG] [org.gradle.internal.remote.internal.inet.InetAddresses] Adding IP addresses for network interface WAN Miniport (SSTP)
11:30:42.033 [DEBUG] [org.gradle.internal.remote.internal.inet.InetAddresses] Is this a loopback interface? false
11:30:42.033 [DEBUG] [org.gradle.internal.remote.internal.inet.InetAddresses] Adding IP addresses for network interface Microsoft Wi-Fi Direct Virtual Adapter
11:30:42.036 [DEBUG] [org.gradle.internal.remote.internal.inet.InetAddresses] Is this a loopback interface? false
11:30:42.036 [DEBUG] [org.gradle.internal.remote.internal.inet.InetAddresses] Adding remote address /fe80:0:0:0:a5e8:12e4:ddac:6fe9%wlan0
11:30:42.036 [DEBUG] [org.gradle.internal.remote.internal.inet.InetAddresses] Adding IP addresses for network interface Microsoft Teredo Tunneling Adapter
11:30:42.039 [DEBUG] [org.gradle.internal.remote.internal.inet.InetAddresses] Is this a loopback interface? false
11:30:42.039 [DEBUG] [org.gradle.internal.remote.internal.inet.InetAddresses] Adding IP addresses for network interface WAN Miniport (IKEv2)
11:30:42.043 [DEBUG] [org.gradle.internal.remote.internal.inet.InetAddresses] Is this a loopback interface? false
11:30:42.044 [DEBUG] [org.gradle.internal.remote.internal.inet.InetAddresses] Adding IP addresses for network interface WAN Miniport (L2TP)
11:30:42.046 [DEBUG] [org.gradle.internal.remote.internal.inet.InetAddresses] Is this a loopback interface? false
11:30:42.047 [DEBUG] [org.gradle.internal.remote.internal.inet.InetAddresses] Adding IP addresses for network interface Bluetooth Device (RFCOMM Protocol TDI)
11:30:42.049 [DEBUG] [org.gradle.internal.remote.internal.inet.InetAddresses] Is this a loopback interface? false
11:30:42.049 [DEBUG] [org.gradle.internal.remote.internal.inet.InetAddresses] Adding IP addresses for network interface D-Link Mobile Broadband Device #2
11:30:42.052 [DEBUG] [org.gradle.internal.remote.internal.inet.InetAddresses] Is this a loopback interface? false
11:30:42.052 [DEBUG] [org.gradle.internal.remote.internal.inet.InetAddresses] Adding IP addresses for network interface Bluetooth Device (Personal Area Network)
11:30:42.055 [DEBUG] [org.gradle.internal.remote.internal.inet.InetAddresses] Is this a loopback interface? false
11:30:42.055 [DEBUG] [org.gradle.internal.remote.internal.inet.InetAddresses] Adding remote address /fe80:0:0:0:517b:8852:de9d:7348%eth4
11:30:42.055 [DEBUG] [org.gradle.internal.remote.internal.inet.InetAddresses] Adding IP addresses for network interface Intel(R) Dual Band Wireless-AC 8265
11:30:42.058 [DEBUG] [org.gradle.internal.remote.internal.inet.InetAddresses] Is this a loopback interface? false
11:30:42.058 [DEBUG] [org.gradle.internal.remote.internal.inet.InetAddresses] Adding remote address /fe80:0:0:0:7939:92de:5b89:4fc5%wlan1
11:30:42.059 [DEBUG] [org.gradle.internal.remote.internal.inet.InetAddresses] Adding IP addresses for network interface D-Link Mobile Broadband Device
11:30:42.061 [DEBUG] [org.gradle.internal.remote.internal.inet.InetAddresses] Is this a loopback interface? false
11:30:42.061 [DEBUG] [org.gradle.internal.remote.internal.inet.InetAddresses] Adding IP addresses for network interface WAN Miniport (IP)
11:30:42.064 [DEBUG] [org.gradle.internal.remote.internal.inet.InetAddresses] Is this a loopback interface? false
11:30:42.065 [DEBUG] [org.gradle.internal.remote.internal.inet.InetAddresses] Adding IP addresses for network interface Intel(R) Ethernet Connection (4) I219-LM
11:30:42.067 [DEBUG] [org.gradle.internal.remote.internal.inet.InetAddresses] Is this a loopback interface? false
11:30:42.068 [DEBUG] [org.gradle.internal.remote.internal.inet.InetAddresses] Adding remote address /fe80:0:0:0:940a:349:fd08:d313%eth6
11:30:42.068 [DEBUG] [org.gradle.internal.remote.internal.inet.InetAddresses] Adding IP addresses for network interface Microsoft Wi-Fi Direct Virtual Adapter #2
11:30:42.071 [DEBUG] [org.gradle.internal.remote.internal.inet.InetAddresses] Is this a loopback interface? false
11:30:42.071 [DEBUG] [org.gradle.internal.remote.internal.inet.InetAddresses] Adding remote address /fe80:0:0:0:7c8e:e69c:f13a:f783%wlan2
11:30:42.071 [DEBUG] [org.gradle.internal.remote.internal.inet.InetAddresses] Adding IP addresses for network interface Intel(R) Ethernet Connection (4) I219-LM-WFP Native MAC Layer LightWeight Filter-0000
11:30:42.074 [DEBUG] [org.gradle.internal.remote.internal.inet.InetAddresses] Is this a loopback interface? false
11:30:42.074 [DEBUG] [org.gradle.internal.remote.internal.inet.InetAddresses] Adding IP addresses for network interface Intel(R) Ethernet Connection (4) I219-LM-Symantec Endpoint Protection Firewall-0000
11:30:42.077 [DEBUG] [org.gradle.internal.remote.internal.inet.InetAddresses] Is this a loopback interface? false
11:30:42.077 [DEBUG] [org.gradle.internal.remote.internal.inet.InetAddresses] Adding IP addresses for network interface Intel(R) Ethernet Connection (4) I219-LM-QoS Packet Scheduler-0000
11:30:42.080 [DEBUG] [org.gradle.internal.remote.internal.inet.InetAddresses] Is this a loopback interface? false
11:30:42.080 [DEBUG] [org.gradle.internal.remote.internal.inet.InetAddresses] Adding IP addresses for network interface Intel(R) Ethernet Connection (4) I219-LM-WFP 802.3 MAC Layer LightWeight Filter-0000
11:30:42.083 [DEBUG] [org.gradle.internal.remote.internal.inet.InetAddresses] Is this a loopback interface? false
11:30:42.084 [DEBUG] [org.gradle.internal.remote.internal.inet.InetAddresses] Adding IP addresses for network interface Intel(R) Dual Band Wireless-AC 8265-WFP Native MAC Layer LightWeight Filter-0000
11:30:42.086 [DEBUG] [org.gradle.internal.remote.internal.inet.InetAddresses] Is this a loopback interface? false
11:30:42.086 [DEBUG] [org.gradle.internal.remote.internal.inet.InetAddresses] Adding IP addresses for network interface Intel(R) Dual Band Wireless-AC 8265-Virtual WiFi Filter Driver-0000
11:30:42.089 [DEBUG] [org.gradle.internal.remote.internal.inet.InetAddresses] Is this a loopback interface? false
11:30:42.089 [DEBUG] [org.gradle.internal.remote.internal.inet.InetAddresses] Adding IP addresses for network interface Intel(R) Dual Band Wireless-AC 8265-Native WiFi Filter Driver-0000
11:30:42.092 [DEBUG] [org.gradle.internal.remote.internal.inet.InetAddresses] Is this a loopback interface? false
11:30:42.092 [DEBUG] [org.gradle.internal.remote.internal.inet.InetAddresses] Adding IP addresses for network interface Intel(R) Dual Band Wireless-AC 8265-Symantec Endpoint Protection Firewall-0000
11:30:42.095 [DEBUG] [org.gradle.internal.remote.internal.inet.InetAddresses] Is this a loopback interface? false
11:30:42.095 [DEBUG] [org.gradle.internal.remote.internal.inet.InetAddresses] Adding IP addresses for network interface Intel(R) Dual Band Wireless-AC 8265-QoS Packet Scheduler-0000
11:30:42.098 [DEBUG] [org.gradle.internal.remote.internal.inet.InetAddresses] Is this a loopback interface? false
11:30:42.098 [DEBUG] [org.gradle.internal.remote.internal.inet.InetAddresses] Adding IP addresses for network interface Intel(R) Dual Band Wireless-AC 8265-WFP 802.3 MAC Layer LightWeight Filter-0000
11:30:42.101 [DEBUG] [org.gradle.internal.remote.internal.inet.InetAddresses] Is this a loopback interface? false
11:30:42.101 [DEBUG] [org.gradle.internal.remote.internal.inet.InetAddresses] Adding IP addresses for network interface WAN Miniport (IP)-WFP Native MAC Layer LightWeight Filter-0000
11:30:42.104 [DEBUG] [org.gradle.internal.remote.internal.inet.InetAddresses] Is this a loopback interface? false
11:30:42.104 [DEBUG] [org.gradle.internal.remote.internal.inet.InetAddresses] Adding IP addresses for network interface WAN Miniport (IP)-Symantec Endpoint Protection Firewall-0000
11:30:42.107 [DEBUG] [org.gradle.internal.remote.internal.inet.InetAddresses] Is this a loopback interface? false
11:30:42.107 [DEBUG] [org.gradle.internal.remote.internal.inet.InetAddresses] Adding IP addresses for network interface WAN Miniport (IP)-Riverbed Steelhead Mobile filter-0000
11:30:42.110 [DEBUG] [org.gradle.internal.remote.internal.inet.InetAddresses] Is this a loopback interface? false
11:30:42.110 [DEBUG] [org.gradle.internal.remote.internal.inet.InetAddresses] Adding IP addresses for network interface WAN Miniport (IP)-QoS Packet Scheduler-0000
11:30:42.113 [DEBUG] [org.gradle.internal.remote.internal.inet.InetAddresses] Is this a loopback interface? false
11:30:42.113 [DEBUG] [org.gradle.internal.remote.internal.inet.InetAddresses] Adding IP addresses for network interface WAN Miniport (IPv6)-WFP Native MAC Layer LightWeight Filter-0000
11:30:42.116 [DEBUG] [org.gradle.internal.remote.internal.inet.InetAddresses] Is this a loopback interface? false
11:30:42.116 [DEBUG] [org.gradle.internal.remote.internal.inet.InetAddresses] Adding IP addresses for network interface WAN Miniport (IPv6)-Symantec Endpoint Protection Firewall-0000
11:30:42.119 [DEBUG] [org.gradle.internal.remote.internal.inet.InetAddresses] Is this a loopback interface? false
11:30:42.119 [DEBUG] [org.gradle.internal.remote.internal.inet.InetAddresses] Adding IP addresses for network interface WAN Miniport (IPv6)-Riverbed Steelhead Mobile filter-0000
11:30:42.122 [DEBUG] [org.gradle.internal.remote.internal.inet.InetAddresses] Is this a loopback interface? false
11:30:42.122 [DEBUG] [org.gradle.internal.remote.internal.inet.InetAddresses] Adding IP addresses for network interface WAN Miniport (IPv6)-QoS Packet Scheduler-0000
11:30:42.125 [DEBUG] [org.gradle.internal.remote.internal.inet.InetAddresses] Is this a loopback interface? false
11:30:42.126 [DEBUG] [org.gradle.internal.remote.internal.inet.InetAddresses] Adding IP addresses for network interface WAN Miniport (Network Monitor)-WFP Native MAC Layer LightWeight Filter-0000
11:30:42.128 [DEBUG] [org.gradle.internal.remote.internal.inet.InetAddresses] Is this a loopback interface? false
11:30:42.128 [DEBUG] [org.gradle.internal.remote.internal.inet.InetAddresses] Adding IP addresses for network interface WAN Miniport (Network Monitor)-Symantec Endpoint Protection Firewall-0000
11:30:42.131 [DEBUG] [org.gradle.internal.remote.internal.inet.InetAddresses] Is this a loopback interface? false
11:30:42.131 [DEBUG] [org.gradle.internal.remote.internal.inet.InetAddresses] Adding IP addresses for network interface WAN Miniport (Network Monitor)-Riverbed Steelhead Mobile filter-0000
11:30:42.134 [DEBUG] [org.gradle.internal.remote.internal.inet.InetAddresses] Is this a loopback interface? false
11:30:42.134 [DEBUG] [org.gradle.internal.remote.internal.inet.InetAddresses] Adding IP addresses for network interface WAN Miniport (Network Monitor)-QoS Packet Scheduler-0000
11:30:42.137 [DEBUG] [org.gradle.internal.remote.internal.inet.InetAddresses] Is this a loopback interface? false
11:30:42.137 [DEBUG] [org.gradle.internal.remote.internal.inet.InetAddresses] Adding IP addresses for network interface Microsoft Wi-Fi Direct Virtual Adapter-WFP Native MAC Layer LightWeight Filter-0000
11:30:42.140 [DEBUG] [org.gradle.internal.remote.internal.inet.InetAddresses] Is this a loopback interface? false
11:30:42.140 [DEBUG] [org.gradle.internal.remote.internal.inet.InetAddresses] Adding IP addresses for network interface Microsoft Wi-Fi Direct Virtual Adapter-Native WiFi Filter Driver-0000
11:30:42.142 [DEBUG] [org.gradle.internal.remote.internal.inet.InetAddresses] Is this a loopback interface? false
11:30:42.143 [DEBUG] [org.gradle.internal.remote.internal.inet.InetAddresses] Adding IP addresses for network interface Microsoft Wi-Fi Direct Virtual Adapter-Symantec Endpoint Protection Firewall-0000
11:30:42.145 [DEBUG] [org.gradle.internal.remote.internal.inet.InetAddresses] Is this a loopback interface? false
11:30:42.146 [DEBUG] [org.gradle.internal.remote.internal.inet.InetAddresses] Adding IP addresses for network interface Microsoft Wi-Fi Direct Virtual Adapter-Riverbed Steelhead Mobile filter-0000
11:30:42.148 [DEBUG] [org.gradle.internal.remote.internal.inet.InetAddresses] Is this a loopback interface? false
11:30:42.148 [DEBUG] [org.gradle.internal.remote.internal.inet.InetAddresses] Adding IP addresses for network interface Microsoft Wi-Fi Direct Virtual Adapter-QoS Packet Scheduler-0000
11:30:42.151 [DEBUG] [org.gradle.internal.remote.internal.inet.InetAddresses] Is this a loopback interface? false
11:30:42.151 [DEBUG] [org.gradle.internal.remote.internal.inet.InetAddresses] Adding IP addresses for network interface Microsoft Wi-Fi Direct Virtual Adapter-WFP 802.3 MAC Layer LightWeight Filter-0000
11:30:42.154 [DEBUG] [org.gradle.internal.remote.internal.inet.InetAddresses] Is this a loopback interface? false
11:30:42.154 [DEBUG] [org.gradle.internal.remote.internal.inet.InetAddresses] Adding IP addresses for network interface Remote NDIS based Internet Sharing Device-WFP Native MAC Layer LightWeight Filter-0000
11:30:42.156 [DEBUG] [org.gradle.internal.remote.internal.inet.InetAddresses] Is this a loopback interface? false
11:30:42.157 [DEBUG] [org.gradle.internal.remote.internal.inet.InetAddresses] Adding IP addresses for network interface Remote NDIS based Internet Sharing Device-Symantec Endpoint Protection Firewall-0000
11:30:42.159 [DEBUG] [org.gradle.internal.remote.internal.inet.InetAddresses] Is this a loopback interface? false
11:30:42.159 [DEBUG] [org.gradle.internal.remote.internal.inet.InetAddresses] Adding IP addresses for network interface Remote NDIS based Internet Sharing Device-Riverbed Steelhead Mobile filter-0000
11:30:42.163 [DEBUG] [org.gradle.internal.remote.internal.inet.InetAddresses] Is this a loopback interface? false
11:30:42.163 [DEBUG] [org.gradle.internal.remote.internal.inet.InetAddresses] Adding IP addresses for network interface Remote NDIS based Internet Sharing Device-QoS Packet Scheduler-0000
11:30:42.166 [DEBUG] [org.gradle.internal.remote.internal.inet.InetAddresses] Is this a loopback interface? false
11:30:42.166 [DEBUG] [org.gradle.internal.remote.internal.inet.InetAddresses] Adding IP addresses for network interface Remote NDIS based Internet Sharing Device-WFP 802.3 MAC Layer LightWeight Filter-0000
11:30:42.169 [DEBUG] [org.gradle.internal.remote.internal.inet.InetAddresses] Is this a loopback interface? false
11:30:42.169 [DEBUG] [org.gradle.internal.remote.internal.inet.InetAddresses] Adding IP addresses for network interface Microsoft Wi-Fi Direct Virtual Adapter #2-WFP Native MAC Layer LightWeight Filter-0000
11:30:42.172 [DEBUG] [org.gradle.internal.remote.internal.inet.InetAddresses] Is this a loopback interface? false
11:30:42.172 [DEBUG] [org.gradle.internal.remote.internal.inet.InetAddresses] Adding IP addresses for network interface Microsoft Wi-Fi Direct Virtual Adapter #2-Native WiFi Filter Driver-0000
11:30:42.174 [DEBUG] [org.gradle.internal.remote.internal.inet.InetAddresses] Is this a loopback interface? false
11:30:42.175 [DEBUG] [org.gradle.internal.remote.internal.inet.InetAddresses] Adding IP addresses for network interface Microsoft Wi-Fi Direct Virtual Adapter #2-Symantec Endpoint Protection Firewall-0000
11:30:42.177 [DEBUG] [org.gradle.internal.remote.internal.inet.InetAddresses] Is this a loopback interface? false
11:30:42.177 [DEBUG] [org.gradle.internal.remote.internal.inet.InetAddresses] Adding IP addresses for network interface Microsoft Wi-Fi Direct Virtual Adapter #2-Riverbed Steelhead Mobile filter-0000
11:30:42.180 [DEBUG] [org.gradle.internal.remote.internal.inet.InetAddresses] Is this a loopback interface? false
11:30:42.180 [DEBUG] [org.gradle.internal.remote.internal.inet.InetAddresses] Adding IP addresses for network interface Microsoft Wi-Fi Direct Virtual Adapter #2-QoS Packet Scheduler-0000
11:30:42.183 [DEBUG] [org.gradle.internal.remote.internal.inet.InetAddresses] Is this a loopback interface? false
11:30:42.183 [DEBUG] [org.gradle.internal.remote.internal.inet.InetAddresses] Adding IP addresses for network interface Microsoft Wi-Fi Direct Virtual Adapter #2-WFP 802.3 MAC Layer LightWeight Filter-0000
11:30:42.185 [DEBUG] [org.gradle.internal.remote.internal.inet.InetAddresses] Is this a loopback interface? false
11:30:42.190 [DEBUG] [org.gradle.internal.remote.internal.inet.TcpIncomingConnector] Listening on [86b6d5a5-97ae-489a-a949-4f3064494c76 port:49295, addresses:[/127.0.0.1, /0:0:0:0:0:0:0:1]].
11:30:42.195 [DEBUG] [org.gradle.launcher.daemon.server.Daemon] Daemon starting at: Thu Dec 03 11:30:42 IST 2020, with address: [86b6d5a5-97ae-489a-a949-4f3064494c76 port:49295, addresses:[/127.0.0.1, /0:0:0:0:0:0:0:1]]
11:30:42.196 [INFO] [org.gradle.launcher.daemon.server.DaemonRegistryUpdater] Advertising the daemon address to the clients: [86b6d5a5-97ae-489a-a949-4f3064494c76 port:49295, addresses:[/127.0.0.1, /0:0:0:0:0:0:0:1]]
11:30:42.196 [DEBUG] [org.gradle.launcher.daemon.server.DaemonRegistryUpdater] Advertised daemon context: DefaultDaemonContext[uid=130cb4ea-39c8-42d7-b9ed-5fde59f07cd6,javaHome=C:\Program Files\Java\jdk1.8.0_181,daemonRegistryDir=C:\Users\Vikas.Gautam\Desktop\GitV2\ClaimCenter1003\gradle\cache\daemon,pid=15660,idleTimeout=120000,priority=NORMAL,daemonOpts=-Xms1g,-Xmx4g,-Dfile.encoding=windows-1252,-Duser.country=IN,-Duser.language=en,-Duser.variant]
11:30:42.197 [DEBUG] [org.gradle.launcher.daemon.registry.PersistentDaemonRegistry] Storing daemon address: [86b6d5a5-97ae-489a-a949-4f3064494c76 port:49295, addresses:[/127.0.0.1, /0:0:0:0:0:0:0:1]], context: DefaultDaemonContext[uid=130cb4ea-39c8-42d7-b9ed-5fde59f07cd6,javaHome=C:\Program Files\Java\jdk1.8.0_181,daemonRegistryDir=C:\Users\Vikas.Gautam\Desktop\GitV2\ClaimCenter1003\gradle\cache\daemon,pid=15660,idleTimeout=120000,priority=NORMAL,daemonOpts=-Xms1g,-Xmx4g,-Dfile.encoding=windows-1252,-Duser.country=IN,-Duser.language=en,-Duser.variant]
11:30:42.213 [DEBUG] [org.gradle.cache.internal.DefaultFileLockManager] Waiting to acquire exclusive lock on daemon addresses registry.
11:30:42.217 [DEBUG] [org.gradle.cache.internal.DefaultFileLockManager] Lock acquired on daemon addresses registry.
11:30:42.225 [DEBUG] [org.gradle.cache.internal.DefaultFileLockManager] Releasing lock on daemon addresses registry.
11:30:42.226 [LIFECYCLE] [org.gradle.launcher.daemon.server.Daemon] Daemon server started.
11:30:42.228 [DEBUG] [org.gradle.launcher.daemon.bootstrap.DaemonStartupCommunication] Completed writing the daemon greeting. Closing streams...
11:30:42.236 [DEBUG] [org.gradle.launcher.daemon.server.Daemon] stopOnExpiration() called on daemon
11:30:42.238 [DEBUG] [org.gradle.launcher.daemon.server.Daemon] awaitExpiration() called on daemon
11:30:42.238 [DEBUG] [org.gradle.launcher.daemon.server.DaemonStateCoordinator] daemon is running. Sleeping until state changes.
11:30:42.721 [DEBUG] [org.gradle.internal.remote.internal.inet.TcpIncomingConnector] Accepted connection from /127.0.0.1:49296 to /127.0.0.1:49295.
11:30:42.773 [DEBUG] [org.gradle.launcher.daemon.server.SynchronizedDispatchConnection] thread 17: received class org.gradle.launcher.daemon.protocol.Build
11:30:42.773 [DEBUG] [org.gradle.launcher.daemon.server.DefaultDaemonConnection] thread 17: Received non-IO message from client: Build{id=a79d8e88-07a1-406b-b294-6c550e8c437b, currentDir=C:\Users\Vikas.Gautam\Desktop\GitV2\ClaimCenter1003}
11:30:42.773 [INFO] [org.gradle.launcher.daemon.server.DefaultIncomingConnectionHandler] Received command: Build{id=a79d8e88-07a1-406b-b294-6c550e8c437b, currentDir=C:\Users\Vikas.Gautam\Desktop\GitV2\ClaimCenter1003}.
11:30:42.774 [DEBUG] [org.gradle.launcher.daemon.server.DefaultIncomingConnectionHandler] Starting executing command: Build{id=a79d8e88-07a1-406b-b294-6c550e8c437b, currentDir=C:\Users\Vikas.Gautam\Desktop\GitV2\ClaimCenter1003} with connection: socket connection from /127.0.0.1:49295 to /127.0.0.1:49296.
11:30:42.776 [ERROR] [org.gradle.launcher.daemon.server.DaemonStateCoordinator] Command execution: started DaemonCommandExecution[command = Build{id=a79d8e88-07a1-406b-b294-6c550e8c437b, currentDir=C:\Users\Vikas.Gautam\Desktop\GitV2\ClaimCenter1003}, connection = DefaultDaemonConnection: socket connection from /127.0.0.1:49295 to /127.0.0.1:49296] after 0.0 minutes of idle
11:30:42.777 [INFO] [org.gradle.launcher.daemon.server.DaemonRegistryUpdater] Marking the daemon as busy, address: [86b6d5a5-97ae-489a-a949-4f3064494c76 port:49295, addresses:[/127.0.0.1, /0:0:0:0:0:0:0:1]]
11:30:42.777 [DEBUG] [org.gradle.launcher.daemon.registry.PersistentDaemonRegistry] Marking busy by address: [86b6d5a5-97ae-489a-a949-4f3064494c76 port:49295, addresses:[/127.0.0.1, /0:0:0:0:0:0:0:1]]
11:30:42.778 [DEBUG] [org.gradle.cache.internal.DefaultFileLockManager] Waiting to acquire exclusive lock on daemon addresses registry.
11:30:42.779 [DEBUG] [org.gradle.cache.internal.DefaultFileLockManager] Lock acquired on daemon addresses registry.
11:30:42.783 [DEBUG] [org.gradle.cache.internal.DefaultFileLockManager] Releasing lock on daemon addresses registry.
11:30:42.783 [DEBUG] [org.gradle.launcher.daemon.server.DaemonStateCoordinator] resetting idle timer
11:30:42.784 [DEBUG] [org.gradle.launcher.daemon.server.DaemonStateCoordinator] daemon is running. Sleeping until state changes.
11:30:42.784 [INFO] [org.gradle.launcher.daemon.server.exec.StartBuildOrRespondWithBusy] Daemon is about to start building Build{id=a79d8e88-07a1-406b-b294-6c550e8c437b, currentDir=C:\Users\Vikas.Gautam\Desktop\GitV2\ClaimCenter1003}. Dispatching build started information...
11:30:42.785 [DEBUG] [org.gradle.launcher.daemon.server.SynchronizedDispatchConnection] thread 19: dispatching class org.gradle.launcher.daemon.protocol.BuildStarted
11:30:42.789 [DEBUG] [org.gradle.launcher.daemon.server.exec.EstablishBuildEnvironment] Configuring env variables: {USERDOMAIN_ROAMINGPROFILE=MEA, PROCESSOR_LEVEL=6, SESSIONNAME=Console, ALLUSERSPROFILE=C:\ProgramData, PROCESSOR_ARCHITECTURE=AMD64, PSModulePath=C:\Program Files\WindowsPowerShell\Modules;C:\Windows\system32\WindowsPowerShell\v1.0\Modules, SystemDrive=C:, =E:=E:\, DIRNAME=C:\Users\Vikas.Gautam\Desktop\GitV2\ClaimCenter1003\, USERNAME=Vikas.Gautam, USERDNSDOMAIN=MEA.EY.NET, CMD_LINE_ARGS=studio, ProgramFiles(x86)=C:\Program Files (x86), FPS_BROWSER_USER_PROFILE_STRING=Default, APP_HOME=C:\Users\Vikas.Gautam\Desktop\GitV2\ClaimCenter1003\, DEFAULT_JVM_OPTS="-Xmx1g", PATHEXT=.COM;.EXE;.BAT;.CMD;.VBS;.VBE;.JS;.JSE;.WSF;.WSH;.MSC, DriverData=C:\Windows\System32\Drivers\DriverData, ProgramData=C:\ProgramData, ProgramW6432=C:\Program Files, HOMEPATH=\Users\Vikas.Gautam, PROCESSOR_IDENTIFIER=Intel64 Family 6 Model 142 Stepping 10, GenuineIntel, ProgramFiles=C:\Program Files, PUBLIC=C:\Users\Public, windir=C:\Windows, =::=::\, _SKIP=2, OneDriveCommercial=C:\Users\Vikas.Gautam\OneDrive - EY, LOCALAPPDATA=C:\Users\Vikas.Gautam\AppData\Local, USERDOMAIN=MEA, FPS_BROWSER_APP_PROFILE_STRING=Internet Explorer, LOGONSERVER=\\DERUSBMPAD91, JAVA_HOME=C:\Program Files\Java\jdk1.8.0_181, PROMPT=$P$G, ANT_HOME=C:\apache-ant-1.8.2, OneDrive=C:\Users\Vikas.Gautam\OneDrive - EY, =C:=C:\Users\Vikas.Gautam\Desktop\GitV2\ClaimCenter1003, APPDATA=C:\Users\Vikas.Gautam\AppData\Roaming, JAVA_EXE=C:\Program Files\Java\jdk1.8.0_181/bin/java.exe, CommonProgramFiles=C:\Program Files\Common Files, Path="C:\Program Files\Java\jdk1.8.0_181\bin", NEXTHINK=C:\Program Files\Nexthink\Collector, OS=Windows_NT, COMPUTERNAME=IN2371211W3, PROCESSOR_REVISION=8e0a, CLASSPATH=C:\Users\Vikas.Gautam\Desktop\GitV2\ClaimCenter1003\\gradle\wrapper\gradle-wrapper.jar, CommonProgramW6432=C:\Program Files\Common Files, ComSpec=C:\Windows\system32\cmd.exe, UATDATA=C:\Windows\CCM\UATData\D9F8C395-CAB8-491d-B8AC-179A1FE1BE77, APP_BASE_NAME=gwb, SystemRoot=C:\Windows, TEMP=C:\Users\VIKAS~1.GAU\AppData\Local\Temp, HOMEDRIVE=C:, USERPROFILE=C:\Users\Vikas.Gautam, TMP=C:\Users\VIKAS~1.GAU\AppData\Local\Temp, CommonProgramFiles(x86)=C:\Program Files (x86)\Common Files, NUMBER_OF_PROCESSORS=8}
11:30:42.796 [DEBUG] [org.gradle.launcher.daemon.server.exec.LogToClient] About to start relaying all logs to the client via the connection.
11:30:42.796 [INFO] [org.gradle.launcher.daemon.server.exec.LogToClient] The client will now receive all logging from the daemon (pid: 15660). The daemon log file: C:\Users\Vikas.Gautam\Desktop\GitV2\ClaimCenter1003\gradle\cache\daemon\5.1.1\daemon-15660.out.log
11:30:42.799 [DEBUG] [org.gradle.launcher.daemon.server.exec.RequestStopIfSingleUsedDaemon] Requesting daemon stop after processing Build{id=a79d8e88-07a1-406b-b294-6c550e8c437b, currentDir=C:\Users\Vikas.Gautam\Desktop\GitV2\ClaimCenter1003}
11:30:42.799 [LIFECYCLE] [org.gradle.launcher.daemon.server.DaemonStateCoordinator] Daemon will be stopped at the end of the build stopping after processing
11:30:42.799 [DEBUG] [org.gradle.launcher.daemon.server.DaemonStateCoordinator] Stop as soon as idle requested. The daemon is busy: true
11:30:42.799 [DEBUG] [org.gradle.launcher.daemon.server.DaemonStateCoordinator] daemon stop has been requested. Sleeping until state changes.
11:30:42.803 [DEBUG] [org.gradle.launcher.daemon.server.exec.ExecuteBuild] The daemon has started executing the build.
11:30:42.803 [DEBUG] [org.gradle.launcher.daemon.server.exec.ExecuteBuild] Executing build with daemon context: DefaultDaemonContext[uid=130cb4ea-39c8-42d7-b9ed-5fde59f07cd6,javaHome=C:\Program Files\Java\jdk1.8.0_181,daemonRegistryDir=C:\Users\Vikas.Gautam\Desktop\GitV2\ClaimCenter1003\gradle\cache\daemon,pid=15660,idleTimeout=120000,priority=NORMAL,daemonOpts=-Xms1g,-Xmx4g,-Dfile.encoding=windows-1252,-Duser.country=IN,-Duser.language=en,-Duser.variant]
Importing POM com.guidewire.cc:cc-parent:10.0.3
Importing parent POM com.guidewire.cc:cc-all:10.0.3
Importing POM com.guidewire.cc:cc-all:10.0.3
Generating C:\Users\Vikas.Gautam\Desktop\GitV2\ClaimCenter1003\.idea\settings\idea.properties file
Generating C:\Users\Vikas.Gautam\Desktop\GitV2\ClaimCenter1003\.idea\settings\config\options\other.xml file
Generating C:\Users\Vikas.Gautam\Desktop\GitV2\ClaimCenter1003\.idea\settings\config\options\recentProjects.xml file
Using bundled jre: C:\Users\Vikas.Gautam\Desktop\GitV2\ClaimCenter1003\studio\sdk\jre\jre-win\bin\java.exe

Starting Guidewire Studio...

Deprecated Gradle features were used in this build, making it incompatible with Gradle 6.0.
Use '--warning-mode all' to show the individual deprecation warnings.
See https://docs.gradle.org/5.1.1/userguide/command_line_interface.html#sec:command_line_warnings

BUILD SUCCESSFUL in 51s
7 actionable tasks: 7 executed
11:31:26.981 [DEBUG] [org.gradle.launcher.daemon.server.exec.ExecuteBuild] The daemon has finished executing the build.
11:31:26.986 [DEBUG] [org.gradle.launcher.daemon.server.DaemonStateCoordinator] daemon stop has been requested. Sleeping until state changes.
11:31:26.987 [DEBUG] [org.gradle.launcher.daemon.server.DaemonStateCoordinator] Command execution: finished waiting for DaemonCommandExecution[command = Build{id=a79d8e88-07a1-406b-b294-6c550e8c437b, currentDir=C:\Users\Vikas.Gautam\Desktop\GitV2\ClaimCenter1003}, connection = DefaultDaemonConnection: socket connection from /127.0.0.1:49295 to /127.0.0.1:49296]. Result org.gradle.launcher.daemon.server.DaemonStateCoordinator@35180a7d with state StopRequested
11:31:26.988 [DEBUG] [org.gradle.launcher.daemon.server.DaemonStateCoordinator] Command execution: completed DaemonCommandExecution[command = Build{id=a79d8e88-07a1-406b-b294-6c550e8c437b, currentDir=C:\Users\Vikas.Gautam\Desktop\GitV2\ClaimCenter1003}, connection = DefaultDaemonConnection: socket connection from /127.0.0.1:49295 to /127.0.0.1:49296]
11:31:26.988 [DEBUG] [org.gradle.launcher.daemon.server.DaemonStateCoordinator] resetting idle timer
11:31:26.988 [DEBUG] [org.gradle.launcher.daemon.server.DaemonStateCoordinator] Marking daemon stopped due to command completed and stop requested. The daemon is running a build: false
11:31:26.989 [DEBUG] [org.gradle.launcher.daemon.server.DaemonStateCoordinator] daemon has stopped.
11:31:26.989 [DEBUG] [org.gradle.launcher.daemon.server.exec.ReturnResult] Daemon is dispatching the build result: Success[value=org.gradle.launcher.exec.BuildActionResult@4b2c93f0]
11:31:26.989 [DEBUG] [org.gradle.launcher.daemon.server.Daemon] stop() called on daemon
11:31:26.989 [DEBUG] [org.gradle.launcher.daemon.server.SynchronizedDispatchConnection] thread 16: dispatching class org.gradle.launcher.daemon.protocol.Success
11:31:26.989 [INFO] [org.gradle.launcher.daemon.server.Daemon] Stop requested. Daemon is removing its presence from the registry...
11:31:26.990 [DEBUG] [org.gradle.launcher.daemon.server.DefaultIncomingConnectionHandler] Finishing executing command: Build{id=a79d8e88-07a1-406b-b294-6c550e8c437b, currentDir=C:\Users\Vikas.Gautam\Desktop\GitV2\ClaimCenter1003}
11:31:26.990 [DEBUG] [org.gradle.launcher.daemon.server.DaemonRegistryUpdater] Removing our presence to clients, eg. removing this address from the registry: [86b6d5a5-97ae-489a-a949-4f3064494c76 port:49295, addresses:[/127.0.0.1, /0:0:0:0:0:0:0:1]]
11:31:26.991 [DEBUG] [org.gradle.launcher.daemon.registry.PersistentDaemonRegistry] Removing daemon address: [86b6d5a5-97ae-489a-a949-4f3064494c76 port:49295, addresses:[/127.0.0.1, /0:0:0:0:0:0:0:1]]
11:31:26.992 [DEBUG] [org.gradle.launcher.daemon.server.SynchronizedDispatchConnection] thread 17: received class org.gradle.launcher.daemon.protocol.CloseInput
11:31:26.993 [DEBUG] [org.gradle.launcher.daemon.server.DefaultDaemonConnection] thread 17: Received IO message from client: org.gradle.launcher.daemon.protocol.CloseInput@25fadca
11:31:26.993 [DEBUG] [org.gradle.launcher.daemon.server.SynchronizedDispatchConnection] thread 17: received class org.gradle.launcher.daemon.protocol.Finished
11:31:26.993 [DEBUG] [org.gradle.launcher.daemon.server.DefaultDaemonConnection] thread 17: Received non-IO message from client: org.gradle.launcher.daemon.protocol.Finished@6c42647b
11:31:26.994 [DEBUG] [org.gradle.launcher.daemon.server.DefaultIncomingConnectionHandler] Received finished message: org.gradle.launcher.daemon.protocol.Finished@6c42647b
11:31:26.994 [DEBUG] [org.gradle.launcher.daemon.server.SynchronizedDispatchConnection] thread 16: stopping connection
11:31:26.995 [DEBUG] [org.gradle.internal.remote.internal.inet.SocketConnection] Discarding EOFException: java.io.EOFException
11:31:26.996 [DEBUG] [org.gradle.launcher.daemon.server.SynchronizedDispatchConnection] thread 17: received null
11:31:26.996 [DEBUG] [org.gradle.launcher.daemon.server.DefaultDaemonConnection] thread 17: Received end-of-input from client.
11:31:26.996 [DEBUG] [org.gradle.launcher.daemon.server.SynchronizedDispatchConnection] thread 16: stopping connection
11:31:27.009 [DEBUG] [org.gradle.cache.internal.DefaultFileLockManager] Waiting to acquire exclusive lock on daemon addresses registry.
11:31:27.010 [DEBUG] [org.gradle.cache.internal.DefaultFileLockManager] Lock acquired on daemon addresses registry.
11:31:27.013 [DEBUG] [org.gradle.cache.internal.DefaultFileLockManager] Releasing lock on daemon addresses registry.
11:31:27.014 [DEBUG] [org.gradle.launcher.daemon.server.DaemonRegistryUpdater] Address removed from registry.
11:31:27.015 [DEBUG] [org.gradle.cache.internal.LockOnDemandCrossProcessCacheAccess] Releasing file lock for jars (C:\Users\Vikas.Gautam\Desktop\GitV2\ClaimCenter1003\gradle\cache\caches\jars-3)
11:31:27.015 [DEBUG] [org.gradle.cache.internal.DefaultFileLockManager] Releasing lock on jars (C:\Users\Vikas.Gautam\Desktop\GitV2\ClaimCenter1003\gradle\cache\caches\jars-3).
11:31:27.021 [DEBUG] [org.gradle.cache.internal.DefaultPersistentDirectoryStore] jars (C:\Users\Vikas.Gautam\Desktop\GitV2\ClaimCenter1003\gradle\cache\caches\jars-3) has last been fully cleaned up 17 hours ago
11:31:27.053 [DEBUG] [org.gradle.cache.internal.DefaultPersistentDirectoryStore] artifact cache (C:\Users\Vikas.Gautam\Desktop\GitV2\ClaimCenter1003\gradle\cache\caches\modules-2) has last been fully cleaned up 17 hours ago
11:31:27.053 [DEBUG] [org.gradle.cache.internal.DefaultCacheAccess] Cache artifact cache (C:\Users\Vikas.Gautam\Desktop\GitV2\ClaimCenter1003\gradle\cache\caches\modules-2) was closed 0 times.
11:31:27.057 [DEBUG] [org.gradle.cache.internal.DefaultPersistentDirectoryStore] Artifact transforms cache (C:\Users\Vikas.Gautam\Desktop\GitV2\ClaimCenter1003\gradle\cache\caches\transforms-2) has last been fully cleaned up 17 hours ago
11:31:27.057 [DEBUG] [org.gradle.cache.internal.DefaultCacheAccess] Cache Artifact transforms cache (C:\Users\Vikas.Gautam\Desktop\GitV2\ClaimCenter1003\gradle\cache\caches\transforms-2) was closed 0 times.
11:31:27.057 [DEBUG] [org.gradle.cache.internal.LockOnDemandCrossProcessCacheAccess] Releasing file lock for journal cache (C:\Users\Vikas.Gautam\Desktop\GitV2\ClaimCenter1003\gradle\cache\caches\journal-1)
11:31:27.058 [DEBUG] [org.gradle.cache.internal.btree.BTreePersistentIndexedCache] Closing cache file-access.bin (C:\Users\Vikas.Gautam\Desktop\GitV2\ClaimCenter1003\gradle\cache\caches\journal-1\file-access.bin)
11:31:27.058 [DEBUG] [org.gradle.cache.internal.DefaultFileLockManager] Releasing lock on journal cache (C:\Users\Vikas.Gautam\Desktop\GitV2\ClaimCenter1003\gradle\cache\caches\journal-1).
11:31:27.060 [DEBUG] [org.gradle.cache.internal.LockOnDemandCrossProcessCacheAccess] Releasing file lock for file hash cache (C:\Users\Vikas.Gautam\Desktop\GitV2\ClaimCenter1003\gradle\cache\caches\5.1.1\fileHashes)
11:31:27.060 [DEBUG] [org.gradle.cache.internal.btree.BTreePersistentIndexedCache] Closing cache fileHashes.bin (C:\Users\Vikas.Gautam\Desktop\GitV2\ClaimCenter1003\gradle\cache\caches\5.1.1\fileHashes\fileHashes.bin)
11:31:27.065 [DEBUG] [org.gradle.cache.internal.btree.BTreePersistentIndexedCache] Closing cache resourceHashesCache.bin (C:\Users\Vikas.Gautam\Desktop\GitV2\ClaimCenter1003\gradle\cache\caches\5.1.1\fileHashes\resourceHashesCache.bin)
11:31:27.068 [DEBUG] [org.gradle.cache.internal.DefaultFileLockManager] Releasing lock on file hash cache (C:\Users\Vikas.Gautam\Desktop\GitV2\ClaimCenter1003\gradle\cache\caches\5.1.1\fileHashes).
11:31:27.069 [DEBUG] [org.gradle.cache.internal.DefaultCacheAccess] Cache Generated Gradle JARs cache (C:\Users\Vikas.Gautam\Desktop\GitV2\ClaimCenter1003\gradle\cache\caches\5.1.1\generated-gradle-jars) was closed 0 times.
11:31:27.070 [DEBUG] [org.gradle.cache.internal.LockOnDemandCrossProcessCacheAccess] Releasing file lock for execution history cache (C:\Users\Vikas.Gautam\Desktop\GitV2\ClaimCenter1003\gradle\cache\caches\5.1.1\executionHistory)
11:31:27.070 [DEBUG] [org.gradle.cache.internal.DefaultFileLockManager] Releasing lock on execution history cache (C:\Users\Vikas.Gautam\Desktop\GitV2\ClaimCenter1003\gradle\cache\caches\5.1.1\executionHistory).
Daemon vm is shutting down... The daemon has exited normally or was terminated in response to a user interrupt.
11:31:27.076 [DEBUG] [org.gradle.launcher.daemon.registry.PersistentDaemonRegistry] Removing daemon address: [86b6d5a5-97ae-489a-a949-4f3064494c76 port:49295, addresses:[/127.0.0.1, /0:0:0:0:0:0:0:1]]
11:31:27.081 [DEBUG] [org.gradle.cache.internal.DefaultFileLockManager] Waiting to acquire exclusive lock on daemon addresses registry.
11:31:27.081 [DEBUG] [org.gradle.cache.internal.DefaultFileLockManager] Lock acquired on daemon addresses registry.
11:31:27.085 [DEBUG] [org.gradle.cache.internal.DefaultFileLockManager] Releasing lock on daemon addresses registry.
