21:58:00.738 [DEBUG] [org.gradle.launcher.daemon.bootstrap.DaemonMain] Assuming the daemon was started with following jvm opts: [-Xms1g, -Xmx4g, -Dfile.encoding=windows-1252, -Duser.country=IN, -Duser.language=en, -Duser.variant]
21:58:00.840 [INFO] [org.gradle.launcher.daemon.server.health.gc.GarbageCollectionMonitor] Unable to determine a garbage collection monitoring strategy for JVMStrategy{Oracle Corporation version 1.8.0_181}
21:58:00.881 [DEBUG] [org.gradle.internal.nativeintegration.services.NativeServices] Native-platform posix files integration is not available. Continuing with fallback.
21:58:01.044 [INFO] [org.gradle.launcher.daemon.server.Daemon] start() called on daemon - DefaultDaemonContext[uid=e4d67ee0-8046-4d4c-b1b9-9fe8d22fac0f,javaHome=C:\Program Files\Java\jdk1.8.0_181,daemonRegistryDir=C:\Users\Vikas.Gautam\Desktop\GitV2\ClaimCenter1003\gradle\cache\daemon,pid=11028,idleTimeout=120000,priority=NORMAL,daemonOpts=-Xms1g,-Xmx4g,-Dfile.encoding=windows-1252,-Duser.country=IN,-Duser.language=en,-Duser.variant]
21:58:02.129 [DEBUG] [org.gradle.internal.remote.internal.inet.InetAddresses] Adding IP addresses for network interface Software Loopback Interface 1
21:58:02.131 [DEBUG] [org.gradle.internal.remote.internal.inet.InetAddresses] Is this a loopback interface? true
21:58:02.133 [DEBUG] [org.gradle.internal.remote.internal.inet.InetAddresses] Adding loopback address /127.0.0.1
21:58:02.139 [DEBUG] [org.gradle.internal.remote.internal.inet.InetAddresses] Adding loopback address /0:0:0:0:0:0:0:1
21:58:02.139 [DEBUG] [org.gradle.internal.remote.internal.inet.InetAddresses] Adding IP addresses for network interface Microsoft 6to4 Adapter
21:58:02.142 [DEBUG] [org.gradle.internal.remote.internal.inet.InetAddresses] Is this a loopback interface? false
21:58:02.142 [DEBUG] [org.gradle.internal.remote.internal.inet.InetAddresses] Adding IP addresses for network interface WAN Miniport (IPv6)
21:58:02.145 [DEBUG] [org.gradle.internal.remote.internal.inet.InetAddresses] Is this a loopback interface? false
21:58:02.145 [DEBUG] [org.gradle.internal.remote.internal.inet.InetAddresses] Adding IP addresses for network interface WAN Miniport (PPPOE)
21:58:02.149 [DEBUG] [org.gradle.internal.remote.internal.inet.InetAddresses] Is this a loopback interface? false
21:58:02.149 [DEBUG] [org.gradle.internal.remote.internal.inet.InetAddresses] Adding IP addresses for network interface RAS Async Adapter
21:58:02.154 [DEBUG] [org.gradle.internal.remote.internal.inet.InetAddresses] Is this a loopback interface? false
21:58:02.155 [DEBUG] [org.gradle.internal.remote.internal.inet.InetAddresses] Adding IP addresses for network interface Microsoft Kernel Debug Network Adapter
21:58:02.160 [DEBUG] [org.gradle.internal.remote.internal.inet.InetAddresses] Is this a loopback interface? false
21:58:02.161 [DEBUG] [org.gradle.internal.remote.internal.inet.InetAddresses] Adding IP addresses for network interface Microsoft IP-HTTPS Platform Adapter
21:58:02.165 [DEBUG] [org.gradle.internal.remote.internal.inet.InetAddresses] Is this a loopback interface? false
21:58:02.166 [DEBUG] [org.gradle.internal.remote.internal.inet.InetAddresses] Adding IP addresses for network interface Dell VPN Adapter
21:58:02.170 [DEBUG] [org.gradle.internal.remote.internal.inet.InetAddresses] Is this a loopback interface? false
21:58:02.170 [DEBUG] [org.gradle.internal.remote.internal.inet.InetAddresses] Adding IP addresses for network interface WAN Miniport (PPTP)
21:58:02.175 [DEBUG] [org.gradle.internal.remote.internal.inet.InetAddresses] Is this a loopback interface? false
21:58:02.176 [DEBUG] [org.gradle.internal.remote.internal.inet.InetAddresses] Adding IP addresses for network interface WAN Miniport (Network Monitor)
21:58:02.181 [DEBUG] [org.gradle.internal.remote.internal.inet.InetAddresses] Is this a loopback interface? false
21:58:02.182 [DEBUG] [org.gradle.internal.remote.internal.inet.InetAddresses] Adding IP addresses for network interface Remote NDIS based Internet Sharing Device
21:58:02.187 [DEBUG] [org.gradle.internal.remote.internal.inet.InetAddresses] Is this a loopback interface? false
21:58:02.187 [DEBUG] [org.gradle.internal.remote.internal.inet.InetAddresses] Adding remote address /192.168.1.100
21:58:02.188 [DEBUG] [org.gradle.internal.remote.internal.inet.InetAddresses] Adding remote address /2409:4063:4d18:7306:5c78:b10a:704a:1cfe
21:58:02.188 [DEBUG] [org.gradle.internal.remote.internal.inet.InetAddresses] Adding remote address /2409:4063:4d18:7306:d073:d56e:a428:37b0
21:58:02.189 [DEBUG] [org.gradle.internal.remote.internal.inet.InetAddresses] Adding remote address /fe80:0:0:0:5c78:b10a:704a:1cfe%eth3
21:58:02.189 [DEBUG] [org.gradle.internal.remote.internal.inet.InetAddresses] Adding IP addresses for network interface WAN Miniport (SSTP)
21:58:02.194 [DEBUG] [org.gradle.internal.remote.internal.inet.InetAddresses] Is this a loopback interface? false
21:58:02.194 [DEBUG] [org.gradle.internal.remote.internal.inet.InetAddresses] Adding IP addresses for network interface Microsoft Wi-Fi Direct Virtual Adapter
21:58:02.198 [DEBUG] [org.gradle.internal.remote.internal.inet.InetAddresses] Is this a loopback interface? false
21:58:02.198 [DEBUG] [org.gradle.internal.remote.internal.inet.InetAddresses] Adding remote address /fe80:0:0:0:a5e8:12e4:ddac:6fe9%wlan0
21:58:02.198 [DEBUG] [org.gradle.internal.remote.internal.inet.InetAddresses] Adding IP addresses for network interface Microsoft Teredo Tunneling Adapter
21:58:02.202 [DEBUG] [org.gradle.internal.remote.internal.inet.InetAddresses] Is this a loopback interface? false
21:58:02.202 [DEBUG] [org.gradle.internal.remote.internal.inet.InetAddresses] Adding IP addresses for network interface WAN Miniport (IKEv2)
21:58:02.208 [DEBUG] [org.gradle.internal.remote.internal.inet.InetAddresses] Is this a loopback interface? false
21:58:02.209 [DEBUG] [org.gradle.internal.remote.internal.inet.InetAddresses] Adding IP addresses for network interface WAN Miniport (L2TP)
21:58:02.213 [DEBUG] [org.gradle.internal.remote.internal.inet.InetAddresses] Is this a loopback interface? false
21:58:02.213 [DEBUG] [org.gradle.internal.remote.internal.inet.InetAddresses] Adding IP addresses for network interface Bluetooth Device (RFCOMM Protocol TDI)
21:58:02.217 [DEBUG] [org.gradle.internal.remote.internal.inet.InetAddresses] Is this a loopback interface? false
21:58:02.218 [DEBUG] [org.gradle.internal.remote.internal.inet.InetAddresses] Adding IP addresses for network interface D-Link Mobile Broadband Device #2
21:58:02.223 [DEBUG] [org.gradle.internal.remote.internal.inet.InetAddresses] Is this a loopback interface? false
21:58:02.223 [DEBUG] [org.gradle.internal.remote.internal.inet.InetAddresses] Adding IP addresses for network interface Bluetooth Device (Personal Area Network)
21:58:02.228 [DEBUG] [org.gradle.internal.remote.internal.inet.InetAddresses] Is this a loopback interface? false
21:58:02.229 [DEBUG] [org.gradle.internal.remote.internal.inet.InetAddresses] Adding remote address /fe80:0:0:0:517b:8852:de9d:7348%eth4
21:58:02.229 [DEBUG] [org.gradle.internal.remote.internal.inet.InetAddresses] Adding IP addresses for network interface Intel(R) Dual Band Wireless-AC 8265
21:58:02.234 [DEBUG] [org.gradle.internal.remote.internal.inet.InetAddresses] Is this a loopback interface? false
21:58:02.235 [DEBUG] [org.gradle.internal.remote.internal.inet.InetAddresses] Adding remote address /fe80:0:0:0:7939:92de:5b89:4fc5%wlan1
21:58:02.235 [DEBUG] [org.gradle.internal.remote.internal.inet.InetAddresses] Adding IP addresses for network interface D-Link Mobile Broadband Device
21:58:02.240 [DEBUG] [org.gradle.internal.remote.internal.inet.InetAddresses] Is this a loopback interface? false
21:58:02.240 [DEBUG] [org.gradle.internal.remote.internal.inet.InetAddresses] Adding IP addresses for network interface WAN Miniport (IP)
21:58:02.245 [DEBUG] [org.gradle.internal.remote.internal.inet.InetAddresses] Is this a loopback interface? false
21:58:02.246 [DEBUG] [org.gradle.internal.remote.internal.inet.InetAddresses] Adding IP addresses for network interface Intel(R) Ethernet Connection (4) I219-LM
21:58:02.250 [DEBUG] [org.gradle.internal.remote.internal.inet.InetAddresses] Is this a loopback interface? false
21:58:02.251 [DEBUG] [org.gradle.internal.remote.internal.inet.InetAddresses] Adding remote address /fe80:0:0:0:940a:349:fd08:d313%eth6
21:58:02.251 [DEBUG] [org.gradle.internal.remote.internal.inet.InetAddresses] Adding IP addresses for network interface Microsoft Wi-Fi Direct Virtual Adapter #2
21:58:02.256 [DEBUG] [org.gradle.internal.remote.internal.inet.InetAddresses] Is this a loopback interface? false
21:58:02.256 [DEBUG] [org.gradle.internal.remote.internal.inet.InetAddresses] Adding remote address /fe80:0:0:0:7c8e:e69c:f13a:f783%wlan2
21:58:02.257 [DEBUG] [org.gradle.internal.remote.internal.inet.InetAddresses] Adding IP addresses for network interface Intel(R) Ethernet Connection (4) I219-LM-WFP Native MAC Layer LightWeight Filter-0000
21:58:02.260 [DEBUG] [org.gradle.internal.remote.internal.inet.InetAddresses] Is this a loopback interface? false
21:58:02.260 [DEBUG] [org.gradle.internal.remote.internal.inet.InetAddresses] Adding IP addresses for network interface Intel(R) Ethernet Connection (4) I219-LM-Symantec Endpoint Protection Firewall-0000
21:58:02.264 [DEBUG] [org.gradle.internal.remote.internal.inet.InetAddresses] Is this a loopback interface? false
21:58:02.265 [DEBUG] [org.gradle.internal.remote.internal.inet.InetAddresses] Adding IP addresses for network interface Intel(R) Ethernet Connection (4) I219-LM-QoS Packet Scheduler-0000
21:58:02.269 [DEBUG] [org.gradle.internal.remote.internal.inet.InetAddresses] Is this a loopback interface? false
21:58:02.269 [DEBUG] [org.gradle.internal.remote.internal.inet.InetAddresses] Adding IP addresses for network interface Intel(R) Ethernet Connection (4) I219-LM-WFP 802.3 MAC Layer LightWeight Filter-0000
21:58:02.275 [DEBUG] [org.gradle.internal.remote.internal.inet.InetAddresses] Is this a loopback interface? false
21:58:02.276 [DEBUG] [org.gradle.internal.remote.internal.inet.InetAddresses] Adding IP addresses for network interface Intel(R) Dual Band Wireless-AC 8265-WFP Native MAC Layer LightWeight Filter-0000
21:58:02.282 [DEBUG] [org.gradle.internal.remote.internal.inet.InetAddresses] Is this a loopback interface? false
21:58:02.282 [DEBUG] [org.gradle.internal.remote.internal.inet.InetAddresses] Adding IP addresses for network interface Intel(R) Dual Band Wireless-AC 8265-Virtual WiFi Filter Driver-0000
21:58:02.286 [DEBUG] [org.gradle.internal.remote.internal.inet.InetAddresses] Is this a loopback interface? false
21:58:02.287 [DEBUG] [org.gradle.internal.remote.internal.inet.InetAddresses] Adding IP addresses for network interface Intel(R) Dual Band Wireless-AC 8265-Native WiFi Filter Driver-0000
21:58:02.291 [DEBUG] [org.gradle.internal.remote.internal.inet.InetAddresses] Is this a loopback interface? false
21:58:02.292 [DEBUG] [org.gradle.internal.remote.internal.inet.InetAddresses] Adding IP addresses for network interface Intel(R) Dual Band Wireless-AC 8265-Symantec Endpoint Protection Firewall-0000
21:58:02.296 [DEBUG] [org.gradle.internal.remote.internal.inet.InetAddresses] Is this a loopback interface? false
21:58:02.297 [DEBUG] [org.gradle.internal.remote.internal.inet.InetAddresses] Adding IP addresses for network interface Intel(R) Dual Band Wireless-AC 8265-QoS Packet Scheduler-0000
21:58:02.302 [DEBUG] [org.gradle.internal.remote.internal.inet.InetAddresses] Is this a loopback interface? false
21:58:02.302 [DEBUG] [org.gradle.internal.remote.internal.inet.InetAddresses] Adding IP addresses for network interface Intel(R) Dual Band Wireless-AC 8265-WFP 802.3 MAC Layer LightWeight Filter-0000
21:58:02.307 [DEBUG] [org.gradle.internal.remote.internal.inet.InetAddresses] Is this a loopback interface? false
21:58:02.308 [DEBUG] [org.gradle.internal.remote.internal.inet.InetAddresses] Adding IP addresses for network interface WAN Miniport (IP)-WFP Native MAC Layer LightWeight Filter-0000
21:58:02.312 [DEBUG] [org.gradle.internal.remote.internal.inet.InetAddresses] Is this a loopback interface? false
21:58:02.313 [DEBUG] [org.gradle.internal.remote.internal.inet.InetAddresses] Adding IP addresses for network interface WAN Miniport (IP)-Symantec Endpoint Protection Firewall-0000
21:58:02.317 [DEBUG] [org.gradle.internal.remote.internal.inet.InetAddresses] Is this a loopback interface? false
21:58:02.317 [DEBUG] [org.gradle.internal.remote.internal.inet.InetAddresses] Adding IP addresses for network interface WAN Miniport (IP)-Riverbed Steelhead Mobile filter-0000
21:58:02.322 [DEBUG] [org.gradle.internal.remote.internal.inet.InetAddresses] Is this a loopback interface? false
21:58:02.322 [DEBUG] [org.gradle.internal.remote.internal.inet.InetAddresses] Adding IP addresses for network interface WAN Miniport (IP)-QoS Packet Scheduler-0000
21:58:02.327 [DEBUG] [org.gradle.internal.remote.internal.inet.InetAddresses] Is this a loopback interface? false
21:58:02.328 [DEBUG] [org.gradle.internal.remote.internal.inet.InetAddresses] Adding IP addresses for network interface WAN Miniport (IPv6)-WFP Native MAC Layer LightWeight Filter-0000
21:58:02.332 [DEBUG] [org.gradle.internal.remote.internal.inet.InetAddresses] Is this a loopback interface? false
21:58:02.333 [DEBUG] [org.gradle.internal.remote.internal.inet.InetAddresses] Adding IP addresses for network interface WAN Miniport (IPv6)-Symantec Endpoint Protection Firewall-0000
21:58:02.337 [DEBUG] [org.gradle.internal.remote.internal.inet.InetAddresses] Is this a loopback interface? false
21:58:02.338 [DEBUG] [org.gradle.internal.remote.internal.inet.InetAddresses] Adding IP addresses for network interface WAN Miniport (IPv6)-Riverbed Steelhead Mobile filter-0000
21:58:02.343 [DEBUG] [org.gradle.internal.remote.internal.inet.InetAddresses] Is this a loopback interface? false
21:58:02.343 [DEBUG] [org.gradle.internal.remote.internal.inet.InetAddresses] Adding IP addresses for network interface WAN Miniport (IPv6)-QoS Packet Scheduler-0000
21:58:02.348 [DEBUG] [org.gradle.internal.remote.internal.inet.InetAddresses] Is this a loopback interface? false
21:58:02.349 [DEBUG] [org.gradle.internal.remote.internal.inet.InetAddresses] Adding IP addresses for network interface WAN Miniport (Network Monitor)-WFP Native MAC Layer LightWeight Filter-0000
21:58:02.353 [DEBUG] [org.gradle.internal.remote.internal.inet.InetAddresses] Is this a loopback interface? false
21:58:02.354 [DEBUG] [org.gradle.internal.remote.internal.inet.InetAddresses] Adding IP addresses for network interface WAN Miniport (Network Monitor)-Symantec Endpoint Protection Firewall-0000
21:58:02.358 [DEBUG] [org.gradle.internal.remote.internal.inet.InetAddresses] Is this a loopback interface? false
21:58:02.359 [DEBUG] [org.gradle.internal.remote.internal.inet.InetAddresses] Adding IP addresses for network interface WAN Miniport (Network Monitor)-Riverbed Steelhead Mobile filter-0000
21:58:02.363 [DEBUG] [org.gradle.internal.remote.internal.inet.InetAddresses] Is this a loopback interface? false
21:58:02.364 [DEBUG] [org.gradle.internal.remote.internal.inet.InetAddresses] Adding IP addresses for network interface WAN Miniport (Network Monitor)-QoS Packet Scheduler-0000
21:58:02.368 [DEBUG] [org.gradle.internal.remote.internal.inet.InetAddresses] Is this a loopback interface? false
21:58:02.368 [DEBUG] [org.gradle.internal.remote.internal.inet.InetAddresses] Adding IP addresses for network interface Microsoft Wi-Fi Direct Virtual Adapter-WFP Native MAC Layer LightWeight Filter-0000
21:58:02.372 [DEBUG] [org.gradle.internal.remote.internal.inet.InetAddresses] Is this a loopback interface? false
21:58:02.373 [DEBUG] [org.gradle.internal.remote.internal.inet.InetAddresses] Adding IP addresses for network interface Microsoft Wi-Fi Direct Virtual Adapter-Native WiFi Filter Driver-0000
21:58:02.378 [DEBUG] [org.gradle.internal.remote.internal.inet.InetAddresses] Is this a loopback interface? false
21:58:02.379 [DEBUG] [org.gradle.internal.remote.internal.inet.InetAddresses] Adding IP addresses for network interface Microsoft Wi-Fi Direct Virtual Adapter-Symantec Endpoint Protection Firewall-0000
21:58:02.383 [DEBUG] [org.gradle.internal.remote.internal.inet.InetAddresses] Is this a loopback interface? false
21:58:02.383 [DEBUG] [org.gradle.internal.remote.internal.inet.InetAddresses] Adding IP addresses for network interface Microsoft Wi-Fi Direct Virtual Adapter-Riverbed Steelhead Mobile filter-0000
21:58:02.388 [DEBUG] [org.gradle.internal.remote.internal.inet.InetAddresses] Is this a loopback interface? false
21:58:02.388 [DEBUG] [org.gradle.internal.remote.internal.inet.InetAddresses] Adding IP addresses for network interface Microsoft Wi-Fi Direct Virtual Adapter-QoS Packet Scheduler-0000
21:58:02.393 [DEBUG] [org.gradle.internal.remote.internal.inet.InetAddresses] Is this a loopback interface? false
21:58:02.393 [DEBUG] [org.gradle.internal.remote.internal.inet.InetAddresses] Adding IP addresses for network interface Microsoft Wi-Fi Direct Virtual Adapter-WFP 802.3 MAC Layer LightWeight Filter-0000
21:58:02.397 [DEBUG] [org.gradle.internal.remote.internal.inet.InetAddresses] Is this a loopback interface? false
21:58:02.397 [DEBUG] [org.gradle.internal.remote.internal.inet.InetAddresses] Adding IP addresses for network interface Remote NDIS based Internet Sharing Device-WFP Native MAC Layer LightWeight Filter-0000
21:58:02.402 [DEBUG] [org.gradle.internal.remote.internal.inet.InetAddresses] Is this a loopback interface? false
21:58:02.402 [DEBUG] [org.gradle.internal.remote.internal.inet.InetAddresses] Adding IP addresses for network interface Remote NDIS based Internet Sharing Device-Symantec Endpoint Protection Firewall-0000
21:58:02.406 [DEBUG] [org.gradle.internal.remote.internal.inet.InetAddresses] Is this a loopback interface? false
21:58:02.407 [DEBUG] [org.gradle.internal.remote.internal.inet.InetAddresses] Adding IP addresses for network interface Remote NDIS based Internet Sharing Device-Riverbed Steelhead Mobile filter-0000
21:58:02.411 [DEBUG] [org.gradle.internal.remote.internal.inet.InetAddresses] Is this a loopback interface? false
21:58:02.412 [DEBUG] [org.gradle.internal.remote.internal.inet.InetAddresses] Adding IP addresses for network interface Remote NDIS based Internet Sharing Device-QoS Packet Scheduler-0000
21:58:02.417 [DEBUG] [org.gradle.internal.remote.internal.inet.InetAddresses] Is this a loopback interface? false
21:58:02.417 [DEBUG] [org.gradle.internal.remote.internal.inet.InetAddresses] Adding IP addresses for network interface Remote NDIS based Internet Sharing Device-WFP 802.3 MAC Layer LightWeight Filter-0000
21:58:02.422 [DEBUG] [org.gradle.internal.remote.internal.inet.InetAddresses] Is this a loopback interface? false
21:58:02.423 [DEBUG] [org.gradle.internal.remote.internal.inet.InetAddresses] Adding IP addresses for network interface Microsoft Wi-Fi Direct Virtual Adapter #2-WFP Native MAC Layer LightWeight Filter-0000
21:58:02.427 [DEBUG] [org.gradle.internal.remote.internal.inet.InetAddresses] Is this a loopback interface? false
21:58:02.428 [DEBUG] [org.gradle.internal.remote.internal.inet.InetAddresses] Adding IP addresses for network interface Microsoft Wi-Fi Direct Virtual Adapter #2-Native WiFi Filter Driver-0000
21:58:02.432 [DEBUG] [org.gradle.internal.remote.internal.inet.InetAddresses] Is this a loopback interface? false
21:58:02.433 [DEBUG] [org.gradle.internal.remote.internal.inet.InetAddresses] Adding IP addresses for network interface Microsoft Wi-Fi Direct Virtual Adapter #2-Symantec Endpoint Protection Firewall-0000
21:58:02.437 [DEBUG] [org.gradle.internal.remote.internal.inet.InetAddresses] Is this a loopback interface? false
21:58:02.437 [DEBUG] [org.gradle.internal.remote.internal.inet.InetAddresses] Adding IP addresses for network interface Microsoft Wi-Fi Direct Virtual Adapter #2-Riverbed Steelhead Mobile filter-0000
21:58:02.442 [DEBUG] [org.gradle.internal.remote.internal.inet.InetAddresses] Is this a loopback interface? false
21:58:02.443 [DEBUG] [org.gradle.internal.remote.internal.inet.InetAddresses] Adding IP addresses for network interface Microsoft Wi-Fi Direct Virtual Adapter #2-QoS Packet Scheduler-0000
21:58:02.447 [DEBUG] [org.gradle.internal.remote.internal.inet.InetAddresses] Is this a loopback interface? false
21:58:02.447 [DEBUG] [org.gradle.internal.remote.internal.inet.InetAddresses] Adding IP addresses for network interface Microsoft Wi-Fi Direct Virtual Adapter #2-WFP 802.3 MAC Layer LightWeight Filter-0000
21:58:02.452 [DEBUG] [org.gradle.internal.remote.internal.inet.InetAddresses] Is this a loopback interface? false
21:58:02.457 [DEBUG] [org.gradle.internal.remote.internal.inet.TcpIncomingConnector] Listening on [2e40e38b-5410-4bfc-8762-7cac63f48da9 port:52999, addresses:[/127.0.0.1, /0:0:0:0:0:0:0:1]].
21:58:02.468 [DEBUG] [org.gradle.launcher.daemon.server.Daemon] Daemon starting at: Thu Dec 03 21:58:02 IST 2020, with address: [2e40e38b-5410-4bfc-8762-7cac63f48da9 port:52999, addresses:[/127.0.0.1, /0:0:0:0:0:0:0:1]]
21:58:02.468 [INFO] [org.gradle.launcher.daemon.server.DaemonRegistryUpdater] Advertising the daemon address to the clients: [2e40e38b-5410-4bfc-8762-7cac63f48da9 port:52999, addresses:[/127.0.0.1, /0:0:0:0:0:0:0:1]]
21:58:02.469 [DEBUG] [org.gradle.launcher.daemon.server.DaemonRegistryUpdater] Advertised daemon context: DefaultDaemonContext[uid=e4d67ee0-8046-4d4c-b1b9-9fe8d22fac0f,javaHome=C:\Program Files\Java\jdk1.8.0_181,daemonRegistryDir=C:\Users\Vikas.Gautam\Desktop\GitV2\ClaimCenter1003\gradle\cache\daemon,pid=11028,idleTimeout=120000,priority=NORMAL,daemonOpts=-Xms1g,-Xmx4g,-Dfile.encoding=windows-1252,-Duser.country=IN,-Duser.language=en,-Duser.variant]
21:58:02.471 [DEBUG] [org.gradle.launcher.daemon.registry.PersistentDaemonRegistry] Storing daemon address: [2e40e38b-5410-4bfc-8762-7cac63f48da9 port:52999, addresses:[/127.0.0.1, /0:0:0:0:0:0:0:1]], context: DefaultDaemonContext[uid=e4d67ee0-8046-4d4c-b1b9-9fe8d22fac0f,javaHome=C:\Program Files\Java\jdk1.8.0_181,daemonRegistryDir=C:\Users\Vikas.Gautam\Desktop\GitV2\ClaimCenter1003\gradle\cache\daemon,pid=11028,idleTimeout=120000,priority=NORMAL,daemonOpts=-Xms1g,-Xmx4g,-Dfile.encoding=windows-1252,-Duser.country=IN,-Duser.language=en,-Duser.variant]
21:58:02.501 [DEBUG] [org.gradle.cache.internal.DefaultFileLockManager] Waiting to acquire exclusive lock on daemon addresses registry.
21:58:02.508 [DEBUG] [org.gradle.cache.internal.DefaultFileLockManager] Lock acquired on daemon addresses registry.
21:58:02.518 [DEBUG] [org.gradle.cache.internal.DefaultFileLockManager] Releasing lock on daemon addresses registry.
21:58:02.519 [LIFECYCLE] [org.gradle.launcher.daemon.server.Daemon] Daemon server started.
21:58:02.520 [DEBUG] [org.gradle.launcher.daemon.bootstrap.DaemonStartupCommunication] Completed writing the daemon greeting. Closing streams...
21:58:02.529 [DEBUG] [org.gradle.launcher.daemon.server.Daemon] stopOnExpiration() called on daemon
21:58:02.531 [DEBUG] [org.gradle.launcher.daemon.server.Daemon] awaitExpiration() called on daemon
21:58:02.532 [DEBUG] [org.gradle.launcher.daemon.server.DaemonStateCoordinator] daemon is running. Sleeping until state changes.
21:58:03.048 [DEBUG] [org.gradle.internal.remote.internal.inet.TcpIncomingConnector] Accepted connection from /127.0.0.1:53001 to /127.0.0.1:52999.
21:58:03.096 [DEBUG] [org.gradle.launcher.daemon.server.SynchronizedDispatchConnection] thread 17: received class org.gradle.launcher.daemon.protocol.Build
21:58:03.096 [DEBUG] [org.gradle.launcher.daemon.server.DefaultDaemonConnection] thread 17: Received non-IO message from client: Build{id=7d87e73c-d1f0-42dc-ba3e-f88afd97d5e2, currentDir=C:\Users\Vikas.Gautam\Desktop\GitV2\ClaimCenter1003}
21:58:03.097 [INFO] [org.gradle.launcher.daemon.server.DefaultIncomingConnectionHandler] Received command: Build{id=7d87e73c-d1f0-42dc-ba3e-f88afd97d5e2, currentDir=C:\Users\Vikas.Gautam\Desktop\GitV2\ClaimCenter1003}.
21:58:03.097 [DEBUG] [org.gradle.launcher.daemon.server.DefaultIncomingConnectionHandler] Starting executing command: Build{id=7d87e73c-d1f0-42dc-ba3e-f88afd97d5e2, currentDir=C:\Users\Vikas.Gautam\Desktop\GitV2\ClaimCenter1003} with connection: socket connection from /127.0.0.1:52999 to /127.0.0.1:53001.
21:58:03.099 [ERROR] [org.gradle.launcher.daemon.server.DaemonStateCoordinator] Command execution: started DaemonCommandExecution[command = Build{id=7d87e73c-d1f0-42dc-ba3e-f88afd97d5e2, currentDir=C:\Users\Vikas.Gautam\Desktop\GitV2\ClaimCenter1003}, connection = DefaultDaemonConnection: socket connection from /127.0.0.1:52999 to /127.0.0.1:53001] after 0.0 minutes of idle
21:58:03.100 [INFO] [org.gradle.launcher.daemon.server.DaemonRegistryUpdater] Marking the daemon as busy, address: [2e40e38b-5410-4bfc-8762-7cac63f48da9 port:52999, addresses:[/127.0.0.1, /0:0:0:0:0:0:0:1]]
21:58:03.100 [DEBUG] [org.gradle.launcher.daemon.registry.PersistentDaemonRegistry] Marking busy by address: [2e40e38b-5410-4bfc-8762-7cac63f48da9 port:52999, addresses:[/127.0.0.1, /0:0:0:0:0:0:0:1]]
21:58:03.101 [DEBUG] [org.gradle.cache.internal.DefaultFileLockManager] Waiting to acquire exclusive lock on daemon addresses registry.
21:58:03.102 [DEBUG] [org.gradle.cache.internal.DefaultFileLockManager] Lock acquired on daemon addresses registry.
21:58:03.107 [DEBUG] [org.gradle.cache.internal.DefaultFileLockManager] Releasing lock on daemon addresses registry.
21:58:03.108 [DEBUG] [org.gradle.launcher.daemon.server.DaemonStateCoordinator] resetting idle timer
21:58:03.108 [DEBUG] [org.gradle.launcher.daemon.server.DaemonStateCoordinator] daemon is running. Sleeping until state changes.
21:58:03.109 [INFO] [org.gradle.launcher.daemon.server.exec.StartBuildOrRespondWithBusy] Daemon is about to start building Build{id=7d87e73c-d1f0-42dc-ba3e-f88afd97d5e2, currentDir=C:\Users\Vikas.Gautam\Desktop\GitV2\ClaimCenter1003}. Dispatching build started information...
21:58:03.110 [DEBUG] [org.gradle.launcher.daemon.server.SynchronizedDispatchConnection] thread 19: dispatching class org.gradle.launcher.daemon.protocol.BuildStarted
21:58:03.114 [DEBUG] [org.gradle.launcher.daemon.server.exec.EstablishBuildEnvironment] Configuring env variables: {USERDOMAIN_ROAMINGPROFILE=MEA, PROCESSOR_LEVEL=6, SESSIONNAME=Console, ALLUSERSPROFILE=C:\ProgramData, PROCESSOR_ARCHITECTURE=AMD64, PSModulePath=C:\Program Files\WindowsPowerShell\Modules;C:\Windows\system32\WindowsPowerShell\v1.0\Modules, SystemDrive=C:, =E:=E:\, DIRNAME=C:\Users\Vikas.Gautam\Desktop\GitV2\ClaimCenter1003\, USERNAME=Vikas.Gautam, USERDNSDOMAIN=MEA.EY.NET, CMD_LINE_ARGS=studio, ProgramFiles(x86)=C:\Program Files (x86), APP_HOME=C:\Users\Vikas.Gautam\Desktop\GitV2\ClaimCenter1003\, DEFAULT_JVM_OPTS="-Xmx1g", PATHEXT=.COM;.EXE;.BAT;.CMD;.VBS;.VBE;.JS;.JSE;.WSF;.WSH;.MSC, DriverData=C:\Windows\System32\Drivers\DriverData, ProgramData=C:\ProgramData, ProgramW6432=C:\Program Files, HOMEPATH=\Users\Vikas.Gautam, PROCESSOR_IDENTIFIER=Intel64 Family 6 Model 142 Stepping 10, GenuineIntel, ProgramFiles=C:\Program Files, PUBLIC=C:\Users\Public, windir=C:\Windows, =::=::\, _SKIP=2, OneDriveCommercial=C:\Users\Vikas.Gautam\OneDrive - EY, LOCALAPPDATA=C:\Users\Vikas.Gautam\AppData\Local, USERDOMAIN=MEA, LOGONSERVER=\\DERUSBMPAD91, JAVA_HOME=C:\Program Files\Java\jdk1.8.0_181, PROMPT=$P$G, ANT_HOME=C:\apache-ant-1.8.2, OneDrive=C:\Users\Vikas.Gautam\OneDrive - EY, =C:=C:\Users\Vikas.Gautam\Desktop\GitV2\ClaimCenter1003, APPDATA=C:\Users\Vikas.Gautam\AppData\Roaming, JAVA_EXE=C:\Program Files\Java\jdk1.8.0_181/bin/java.exe, CommonProgramFiles=C:\Program Files\Common Files, Path="C:\Program Files\Java\jdk1.8.0_181\bin", NEXTHINK=C:\Program Files\Nexthink\Collector, OS=Windows_NT, COMPUTERNAME=IN2371211W3, PROCESSOR_REVISION=8e0a, CLASSPATH=C:\Users\Vikas.Gautam\Desktop\GitV2\ClaimCenter1003\\gradle\wrapper\gradle-wrapper.jar, CommonProgramW6432=C:\Program Files\Common Files, ComSpec=C:\Windows\system32\cmd.exe, UATDATA=C:\Windows\CCM\UATData\D9F8C395-CAB8-491d-B8AC-179A1FE1BE77, APP_BASE_NAME=gwb, SystemRoot=C:\Windows, TEMP=C:\Users\VIKAS~1.GAU\AppData\Local\Temp, HOMEDRIVE=C:, USERPROFILE=C:\Users\Vikas.Gautam, TMP=C:\Users\VIKAS~1.GAU\AppData\Local\Temp, CommonProgramFiles(x86)=C:\Program Files (x86)\Common Files, NUMBER_OF_PROCESSORS=8}
21:58:03.120 [DEBUG] [org.gradle.launcher.daemon.server.exec.LogToClient] About to start relaying all logs to the client via the connection.
21:58:03.121 [INFO] [org.gradle.launcher.daemon.server.exec.LogToClient] The client will now receive all logging from the daemon (pid: 11028). The daemon log file: C:\Users\Vikas.Gautam\Desktop\GitV2\ClaimCenter1003\gradle\cache\daemon\5.1.1\daemon-11028.out.log
21:58:03.124 [DEBUG] [org.gradle.launcher.daemon.server.exec.RequestStopIfSingleUsedDaemon] Requesting daemon stop after processing Build{id=7d87e73c-d1f0-42dc-ba3e-f88afd97d5e2, currentDir=C:\Users\Vikas.Gautam\Desktop\GitV2\ClaimCenter1003}
21:58:03.125 [LIFECYCLE] [org.gradle.launcher.daemon.server.DaemonStateCoordinator] Daemon will be stopped at the end of the build stopping after processing
21:58:03.125 [DEBUG] [org.gradle.launcher.daemon.server.DaemonStateCoordinator] Stop as soon as idle requested. The daemon is busy: true
21:58:03.125 [DEBUG] [org.gradle.launcher.daemon.server.DaemonStateCoordinator] daemon stop has been requested. Sleeping until state changes.
21:58:03.129 [DEBUG] [org.gradle.launcher.daemon.server.exec.ExecuteBuild] The daemon has started executing the build.
21:58:03.129 [DEBUG] [org.gradle.launcher.daemon.server.exec.ExecuteBuild] Executing build with daemon context: DefaultDaemonContext[uid=e4d67ee0-8046-4d4c-b1b9-9fe8d22fac0f,javaHome=C:\Program Files\Java\jdk1.8.0_181,daemonRegistryDir=C:\Users\Vikas.Gautam\Desktop\GitV2\ClaimCenter1003\gradle\cache\daemon,pid=11028,idleTimeout=120000,priority=NORMAL,daemonOpts=-Xms1g,-Xmx4g,-Dfile.encoding=windows-1252,-Duser.country=IN,-Duser.language=en,-Duser.variant]
Importing POM com.guidewire.cc:cc-parent:10.0.3
Importing parent POM com.guidewire.cc:cc-all:10.0.3
Importing POM com.guidewire.cc:cc-all:10.0.3
Generating C:\Users\Vikas.Gautam\Desktop\GitV2\ClaimCenter1003\.idea\settings\idea.properties file
Generating C:\Users\Vikas.Gautam\Desktop\GitV2\ClaimCenter1003\.idea\settings\config\options\other.xml file
Generating C:\Users\Vikas.Gautam\Desktop\GitV2\ClaimCenter1003\.idea\settings\config\options\recentProjects.xml file
Using bundled jre: C:\Users\Vikas.Gautam\Desktop\GitV2\ClaimCenter1003\studio\sdk\jre\jre-win\bin\java.exe

Starting Guidewire Studio...

Deprecated Gradle features were used in this build, making it incompatible with Gradle 6.0.
Use '--warning-mode all' to show the individual deprecation warnings.
See https://docs.gradle.org/5.1.1/userguide/command_line_interface.html#sec:command_line_warnings

BUILD SUCCESSFUL in 1m 15s
7 actionable tasks: 7 executed
21:59:07.733 [DEBUG] [org.gradle.launcher.daemon.server.exec.ExecuteBuild] The daemon has finished executing the build.
21:59:07.751 [DEBUG] [org.gradle.launcher.daemon.server.DaemonStateCoordinator] daemon stop has been requested. Sleeping until state changes.
21:59:07.752 [DEBUG] [org.gradle.launcher.daemon.server.DaemonStateCoordinator] Command execution: finished waiting for DaemonCommandExecution[command = Build{id=7d87e73c-d1f0-42dc-ba3e-f88afd97d5e2, currentDir=C:\Users\Vikas.Gautam\Desktop\GitV2\ClaimCenter1003}, connection = DefaultDaemonConnection: socket connection from /127.0.0.1:52999 to /127.0.0.1:53001]. Result org.gradle.launcher.daemon.server.DaemonStateCoordinator@35180a7d with state StopRequested
21:59:07.753 [DEBUG] [org.gradle.launcher.daemon.server.DaemonStateCoordinator] Command execution: completed DaemonCommandExecution[command = Build{id=7d87e73c-d1f0-42dc-ba3e-f88afd97d5e2, currentDir=C:\Users\Vikas.Gautam\Desktop\GitV2\ClaimCenter1003}, connection = DefaultDaemonConnection: socket connection from /127.0.0.1:52999 to /127.0.0.1:53001]
21:59:07.753 [DEBUG] [org.gradle.launcher.daemon.server.DaemonStateCoordinator] resetting idle timer
21:59:07.754 [DEBUG] [org.gradle.launcher.daemon.server.DaemonStateCoordinator] Marking daemon stopped due to command completed and stop requested. The daemon is running a build: false
21:59:07.754 [DEBUG] [org.gradle.launcher.daemon.server.DaemonStateCoordinator] daemon has stopped.
21:59:07.755 [DEBUG] [org.gradle.launcher.daemon.server.exec.ReturnResult] Daemon is dispatching the build result: Success[value=org.gradle.launcher.exec.BuildActionResult@4b2c93f0]
21:59:07.755 [DEBUG] [org.gradle.launcher.daemon.server.Daemon] stop() called on daemon
21:59:07.755 [DEBUG] [org.gradle.launcher.daemon.server.SynchronizedDispatchConnection] thread 16: dispatching class org.gradle.launcher.daemon.protocol.Success
21:59:07.756 [INFO] [org.gradle.launcher.daemon.server.Daemon] Stop requested. Daemon is removing its presence from the registry...
21:59:07.757 [DEBUG] [org.gradle.launcher.daemon.server.DefaultIncomingConnectionHandler] Finishing executing command: Build{id=7d87e73c-d1f0-42dc-ba3e-f88afd97d5e2, currentDir=C:\Users\Vikas.Gautam\Desktop\GitV2\ClaimCenter1003}
21:59:07.757 [DEBUG] [org.gradle.launcher.daemon.server.DaemonRegistryUpdater] Removing our presence to clients, eg. removing this address from the registry: [2e40e38b-5410-4bfc-8762-7cac63f48da9 port:52999, addresses:[/127.0.0.1, /0:0:0:0:0:0:0:1]]
21:59:07.758 [DEBUG] [org.gradle.launcher.daemon.registry.PersistentDaemonRegistry] Removing daemon address: [2e40e38b-5410-4bfc-8762-7cac63f48da9 port:52999, addresses:[/127.0.0.1, /0:0:0:0:0:0:0:1]]
21:59:07.760 [DEBUG] [org.gradle.launcher.daemon.server.SynchronizedDispatchConnection] thread 17: received class org.gradle.launcher.daemon.protocol.CloseInput
21:59:07.761 [DEBUG] [org.gradle.launcher.daemon.server.DefaultDaemonConnection] thread 17: Received IO message from client: org.gradle.launcher.daemon.protocol.CloseInput@25fadca
21:59:07.762 [DEBUG] [org.gradle.launcher.daemon.server.SynchronizedDispatchConnection] thread 17: received class org.gradle.launcher.daemon.protocol.Finished
21:59:07.762 [DEBUG] [org.gradle.launcher.daemon.server.DefaultDaemonConnection] thread 17: Received non-IO message from client: org.gradle.launcher.daemon.protocol.Finished@6c42647b
21:59:07.763 [DEBUG] [org.gradle.launcher.daemon.server.DefaultIncomingConnectionHandler] Received finished message: org.gradle.launcher.daemon.protocol.Finished@6c42647b
21:59:07.763 [DEBUG] [org.gradle.launcher.daemon.server.SynchronizedDispatchConnection] thread 16: stopping connection
21:59:07.767 [DEBUG] [org.gradle.internal.remote.internal.inet.SocketConnection] Discarding EOFException: java.io.EOFException
21:59:07.767 [DEBUG] [org.gradle.launcher.daemon.server.SynchronizedDispatchConnection] thread 17: received null
21:59:07.767 [DEBUG] [org.gradle.launcher.daemon.server.DefaultDaemonConnection] thread 17: Received end-of-input from client.
21:59:07.768 [DEBUG] [org.gradle.launcher.daemon.server.SynchronizedDispatchConnection] thread 16: stopping connection
21:59:07.788 [DEBUG] [org.gradle.cache.internal.DefaultFileLockManager] Waiting to acquire exclusive lock on daemon addresses registry.
21:59:07.789 [DEBUG] [org.gradle.cache.internal.DefaultFileLockManager] Lock acquired on daemon addresses registry.
21:59:07.795 [DEBUG] [org.gradle.cache.internal.DefaultFileLockManager] Releasing lock on daemon addresses registry.
21:59:07.796 [DEBUG] [org.gradle.launcher.daemon.server.DaemonRegistryUpdater] Address removed from registry.
21:59:07.798 [DEBUG] [org.gradle.cache.internal.LockOnDemandCrossProcessCacheAccess] Releasing file lock for jars (C:\Users\Vikas.Gautam\Desktop\GitV2\ClaimCenter1003\gradle\cache\caches\jars-3)
21:59:07.798 [DEBUG] [org.gradle.cache.internal.DefaultFileLockManager] Releasing lock on jars (C:\Users\Vikas.Gautam\Desktop\GitV2\ClaimCenter1003\gradle\cache\caches\jars-3).
21:59:07.807 [DEBUG] [org.gradle.cache.internal.DefaultPersistentDirectoryStore] jars (C:\Users\Vikas.Gautam\Desktop\GitV2\ClaimCenter1003\gradle\cache\caches\jars-3) has last been fully cleaned up 0 hours ago
21:59:07.846 [DEBUG] [org.gradle.cache.internal.LockOnDemandCrossProcessCacheAccess] Releasing file lock for file hash cache (C:\Users\Vikas.Gautam\Desktop\GitV2\ClaimCenter1003\gradle\cache\caches\5.1.1\fileHashes)
21:59:07.846 [DEBUG] [org.gradle.cache.internal.btree.BTreePersistentIndexedCache] Closing cache fileHashes.bin (C:\Users\Vikas.Gautam\Desktop\GitV2\ClaimCenter1003\gradle\cache\caches\5.1.1\fileHashes\fileHashes.bin)
21:59:07.847 [DEBUG] [org.gradle.cache.internal.btree.BTreePersistentIndexedCache] Closing cache resourceHashesCache.bin (C:\Users\Vikas.Gautam\Desktop\GitV2\ClaimCenter1003\gradle\cache\caches\5.1.1\fileHashes\resourceHashesCache.bin)
21:59:07.848 [DEBUG] [org.gradle.cache.internal.DefaultFileLockManager] Releasing lock on file hash cache (C:\Users\Vikas.Gautam\Desktop\GitV2\ClaimCenter1003\gradle\cache\caches\5.1.1\fileHashes).
21:59:07.855 [DEBUG] [org.gradle.cache.internal.DefaultPersistentDirectoryStore] artifact cache (C:\Users\Vikas.Gautam\Desktop\GitV2\ClaimCenter1003\gradle\cache\caches\modules-2) has last been fully cleaned up 0 hours ago
21:59:07.855 [DEBUG] [org.gradle.cache.internal.DefaultCacheAccess] Cache artifact cache (C:\Users\Vikas.Gautam\Desktop\GitV2\ClaimCenter1003\gradle\cache\caches\modules-2) was closed 0 times.
21:59:07.862 [DEBUG] [org.gradle.cache.internal.DefaultPersistentDirectoryStore] Artifact transforms cache (C:\Users\Vikas.Gautam\Desktop\GitV2\ClaimCenter1003\gradle\cache\caches\transforms-2) has last been fully cleaned up 0 hours ago
21:59:07.862 [DEBUG] [org.gradle.cache.internal.DefaultCacheAccess] Cache Artifact transforms cache (C:\Users\Vikas.Gautam\Desktop\GitV2\ClaimCenter1003\gradle\cache\caches\transforms-2) was closed 0 times.
21:59:07.863 [DEBUG] [org.gradle.cache.internal.LockOnDemandCrossProcessCacheAccess] Releasing file lock for journal cache (C:\Users\Vikas.Gautam\Desktop\GitV2\ClaimCenter1003\gradle\cache\caches\journal-1)
21:59:07.864 [DEBUG] [org.gradle.cache.internal.btree.BTreePersistentIndexedCache] Closing cache file-access.bin (C:\Users\Vikas.Gautam\Desktop\GitV2\ClaimCenter1003\gradle\cache\caches\journal-1\file-access.bin)
21:59:07.865 [DEBUG] [org.gradle.cache.internal.DefaultFileLockManager] Releasing lock on journal cache (C:\Users\Vikas.Gautam\Desktop\GitV2\ClaimCenter1003\gradle\cache\caches\journal-1).
21:59:07.866 [DEBUG] [org.gradle.cache.internal.DefaultCacheAccess] Cache Generated Gradle JARs cache (C:\Users\Vikas.Gautam\Desktop\GitV2\ClaimCenter1003\gradle\cache\caches\5.1.1\generated-gradle-jars) was closed 0 times.
21:59:07.866 [DEBUG] [org.gradle.cache.internal.LockOnDemandCrossProcessCacheAccess] Releasing file lock for execution history cache (C:\Users\Vikas.Gautam\Desktop\GitV2\ClaimCenter1003\gradle\cache\caches\5.1.1\executionHistory)
21:59:07.867 [DEBUG] [org.gradle.cache.internal.DefaultFileLockManager] Releasing lock on execution history cache (C:\Users\Vikas.Gautam\Desktop\GitV2\ClaimCenter1003\gradle\cache\caches\5.1.1\executionHistory).
Daemon vm is shutting down... The daemon has exited normally or was terminated in response to a user interrupt.
21:59:07.877 [DEBUG] [org.gradle.launcher.daemon.registry.PersistentDaemonRegistry] Removing daemon address: [2e40e38b-5410-4bfc-8762-7cac63f48da9 port:52999, addresses:[/127.0.0.1, /0:0:0:0:0:0:0:1]]
21:59:07.880 [DEBUG] [org.gradle.cache.internal.DefaultFileLockManager] Waiting to acquire exclusive lock on daemon addresses registry.
21:59:07.881 [DEBUG] [org.gradle.cache.internal.DefaultFileLockManager] Lock acquired on daemon addresses registry.
21:59:07.885 [DEBUG] [org.gradle.cache.internal.DefaultFileLockManager] Releasing lock on daemon addresses registry.
